[10:32:18.602][Logger] New log placeholder %WS1% registered for /home/marco/mojufer/eth/Cybersicherheitspolitik/ex1 .
[10:32:18.602][Extension] Initializing LaTeX Workshop.
[10:32:18.901][Build][Recipe] Set $LATEXWORKSHOP_DOCKER_LATEX: ""
[10:32:18.902][Build][Recipe] Set $LATEXWORKSHOP_DOCKER_PATH: "docker"
[10:32:18.964][Server] Creating LaTeX Workshop http and websocket server.
[10:32:19.103][Format][Bib] Bibtex format config: {"tab":"  ","case":"lowercase","left":"{","right":"}","trailingComma":false,"sort":["key"],"alignOnEqual":true,"sortFields":false,"fieldsOrder":[],"firstEntries":["string","xdata"]}
[10:32:19.161][Server] Server successfully started: {"address":"127.0.0.1","family":"IPv4","port":41069} .
[10:32:19.476][Extension] Extension root: /home/marco/.vscode-oss/extensions/james-yu.latex-workshop-10.5.6
[10:32:19.477][Extension] $PATH: /sbin:/bin:/usr/local/sbin:/usr/local/bin:/usr/sbin:/usr/bin:/usr/bin/site_perl:/usr/bin/vendor_perl:/usr/bin/core_perl
[10:32:19.477][Extension] $SHELL: /bin/fish
[10:32:19.477][Extension] $LANG: en_US.UTF-8
[10:32:19.478][Extension] $LC_ALL: undefined
[10:32:19.478][Extension] process.platform: linux
[10:32:19.478][Extension] process.arch: x64
[10:32:19.479][Extension] vscode.env.appName: VSCodium
[10:32:19.479][Extension] vscode.env.remoteName: undefined
[10:32:19.479][Extension] vscode.env.uiKind: 1
[10:32:19.550][Extension] Trigger characters for intellisense of LaTeX documents: ["\\",",","{","}"]
[10:32:19.553][Root] Current workspace folders: ["file://%WS1%"]
[10:32:19.554][Root] Try finding root from magic comment.
[10:32:19.555][Extension] LaTeX Workshop initialized.
[10:32:19.556][Root] The active document cannot be used as the root file: output:tasks
[10:32:19.557][Root] Try finding root from current workspaceRootDir: file://%WS1% .
[10:32:19.562][Server] validOrigin is http://127.0.0.1:41069
[10:32:19.568][Root] Current workspace folders: ["file://%WS1%"]
[10:32:19.568][Root] Try finding root from magic comment.
[10:32:19.569][Root] Try finding root from active editor.
[10:32:19.570][Root] Found root file from active editor: %WS1%/ex1.tex
[10:32:19.570][Root] Root file changed: from %WS1%/ex1.tex to %WS1%/ex1.tex, langID latex . Refresh dependencies
[10:32:19.571][Event] ROOT_FILE_CHANGED: "%WS1%/ex1.tex"
[10:32:19.572][Cacher][Watcher] Reset.
[10:32:19.572][Cacher][Watcher] Reset.
[10:32:19.581][Cacher] Adding %WS1%/ex1.tex .
[10:32:19.584][Cacher][Watcher] Watched file://%WS1%/ex1.tex with a new .* watcher on %WS1% .
[10:32:19.584][Event] FILE_WATCHED: "file://%WS1%/ex1.tex"
[10:32:19.587][Cacher] Caching %WS1%/ex1.tex .
[10:32:19.588][Event] ROOT_FILE_SEARCHED
[10:32:19.740][Cacher] Updated inputs of %WS1%/ex1.tex .
[10:32:19.740][Cacher] Parse LaTeX AST: %WS1%/ex1.tex .
[10:32:19.910][Cacher] Parsed LaTeX AST in 168.87 ms: %WS1%/ex1.tex .
[10:32:19.910][File] Calling kpsewhich to resolve article.cls .
[10:32:19.986][File] kpsewhich returned with '/usr/share/texmf-dist/tex/latex/base/article.cls'.
[10:32:19.991][Cacher] Updated elements in 80.54 ms: %WS1%/ex1.tex .
[10:32:19.991][Event] FILE_PARSED: "%WS1%/ex1.tex"
[10:32:19.993][Structure] Structure force updated with 0 root sections for %WS1%/ex1.tex .
[10:32:19.994][Event] STRUCTURE_UPDATED
[10:32:19.995][Structure] Structure updated with 1 root sections for %WS1%/ex1.tex .
[10:32:19.995][Event] STRUCTURE_UPDATED
[10:32:20.042][Cacher] Parsing .fls %WS1%/ex1.fls .
[10:32:20.092][Root] Found root file from '.fls': %WS1%/ex1.tex
[10:32:20.092][Root] Keep using the same root file: %WS1%/ex1.tex
[10:32:20.092][Event] ROOT_FILE_SEARCHED
[10:32:20.092][Event] STRUCTURE_UPDATED
[10:32:20.107][Cacher] Found .aux %WS1%/ex1.aux from .fls %WS1%/ex1.fls , parsing.
[10:32:20.109][Cacher] Parsed .aux %WS1%/ex1.aux .
[10:32:20.110][Cacher] Parsed .fls %WS1%/ex1.fls .
[10:32:29.933][Event] STRUCTURE_UPDATED
[10:32:33.683][Event] STRUCTURE_UPDATED
[10:33:12.807][Extension] onDidSaveTextDocument triggered: file://%WS1%/ex1.tex
[10:33:12.870][Cacher][Watcher] "change" emitted on file://%WS1%/ex1.tex.
[10:33:12.873][Cacher] Caching %WS1%/ex1.tex .
[10:33:12.874][Build] Auto build started detecting the change of a file: %WS1%/ex1.tex .
[10:33:12.874][Event] AUTO_BUILD_INITIATED: {"type":"onFileChange","file":"%WS1%/ex1.tex"}
[10:33:12.875][Build] The document of the active editor: file://%WS1%/ex1.tex
[10:33:12.875][Build] The languageId of the document: latex
[10:33:12.876][Build] Building root file: %WS1%/ex1.tex
[10:33:12.876][Build][Recipe] Build root file %WS1%/ex1.tex
[10:33:12.877][Event] FILE_CHANGED: "file://%WS1%/ex1.tex"
[10:33:12.880][Cacher] Updated inputs of %WS1%/ex1.tex .
[10:33:12.880][Cacher] Parse LaTeX AST: %WS1%/ex1.tex .
[10:33:12.882][Build][Recipe] Preparing to run recipe: latexmk.
[10:33:12.882][Build][Recipe] Prepared 1 tools.
[10:33:12.899][Build][Recipe] outDir: %WS1% .
[10:33:12.904][Build] Recipe step 1 The command is latexmk:["-synctex=1","-interaction=nonstopmode","-file-line-error","-pdf","-outdir=%WS1%","%WS1%/ex1"].
[10:33:12.905][Build] env: {}
[10:33:12.905][Build] root: %WS1%/ex1.tex
[10:33:12.906][Build] cwd: %WS1%
[10:33:12.914][Build] LaTeX build process spawned with PID 39991.
[10:33:12.941][Cacher] Parsed LaTeX AST in 61.05 ms: %WS1%/ex1.tex .
[10:33:12.942][File] kpsewhich cache hit on article.cls: /usr/share/texmf-dist/tex/latex/base/article.cls .
[10:33:12.947][Cacher] Updated elements in 5.18 ms: %WS1%/ex1.tex .
[10:33:12.948][Event] FILE_PARSED: "%WS1%/ex1.tex"
[10:33:12.949][Structure] Structure force updated with 1 root sections for %WS1%/ex1.tex .
[10:33:12.950][Event] STRUCTURE_UPDATED
[10:33:14.007][Parser][TexLog] Logged 2 messages.
[10:33:14.009][Build] Finished a step in recipe with PID 39991.
[10:33:14.009][Build] Successfully built %WS1%/ex1.tex .
[10:33:14.010][Event] BUILD_DONE
[10:33:14.010][Viewer] Call refreshExistingViewer: file://%WS1%/ex1.pdf .
[10:33:14.011][Viewer] Not found PDF viewers to refresh: file://%WS1%/ex1.pdf
[10:33:14.014][Cacher] Parsing .fls %WS1%/ex1.fls .
[10:33:14.031][Cacher] Found .aux %WS1%/ex1.aux from .fls %WS1%/ex1.fls , parsing.
[10:33:14.033][Cacher] Parsed .aux %WS1%/ex1.aux .
[10:33:14.033][Cacher] Parsed .fls %WS1%/ex1.fls .
[10:33:17.434][Event] STRUCTURE_UPDATED
[10:33:20.991][Event] STRUCTURE_UPDATED
[10:33:24.159][Event] STRUCTURE_UPDATED
[10:33:26.885][Commander] VIEW command invoked with mode: file://%WS1%/ex1.tex.
[10:33:26.885][Root] Current workspace folders: ["file://%WS1%"]
[10:33:26.886][Root] Try finding root from magic comment.
[10:33:26.887][Root] Try finding root from active editor.
[10:33:26.887][Root] Found root file from active editor: %WS1%/ex1.tex
[10:33:26.888][Root] Keep using the same root file: %WS1%/ex1.tex
[10:33:26.888][Event] ROOT_FILE_SEARCHED
[10:33:26.889][Event] STRUCTURE_UPDATED
[10:33:26.986][Viewer][Panel] Internal PDF viewer at http://127.0.0.1:41069/viewer.html?file=pdf..ZmlsZSUzQSUyRiUyRiUyRmhvbWUlMkZtYXJjbyUyRm1vanVmZXIlMkZldGglMkZDeWJlcnNpY2hlcmhlaXRzcG9saXRpayUyRmV4MSUyRmV4MS5wZGY .
[10:33:26.988][Cacher][Watcher] Watched file://%WS1%/ex1.pdf with a new .pdf watcher on %WS1% .
[10:33:26.988][Event] FILE_WATCHED: "file://%WS1%/ex1.pdf"
[10:33:27.039][Viewer] Open PDF tab for file://%WS1%/ex1.pdf
[10:33:27.230][Viewer] Handle data type: open
[10:33:27.323][Server] Preview PDF file: file://%WS1%/ex1.pdf
[10:33:27.428][Viewer] Handle data type: loaded
[10:33:27.429][Event] VIEWER_PAGE_LOADED
[10:33:40.745][Event] STRUCTURE_UPDATED
[10:35:36.393][Event] STRUCTURE_UPDATED
[10:37:58.741][Event] STRUCTURE_UPDATED
[10:40:24.979][Event] STRUCTURE_UPDATED
[10:40:28.255][Extension] onDidSaveTextDocument triggered: file://%WS1%/ex1.tex
[10:40:28.324][Cacher][Watcher] "change" emitted on file://%WS1%/ex1.tex.
[10:40:28.327][Cacher] Caching %WS1%/ex1.tex .
[10:40:28.328][Build] Auto build started detecting the change of a file: %WS1%/ex1.tex .
[10:40:28.328][Event] AUTO_BUILD_INITIATED: {"type":"onFileChange","file":"%WS1%/ex1.tex"}
[10:40:28.328][Build] The document of the active editor: file://%WS1%/ex1.tex
[10:40:28.329][Build] The languageId of the document: latex
[10:40:28.329][Build] Building root file: %WS1%/ex1.tex
[10:40:28.329][Build][Recipe] Build root file %WS1%/ex1.tex
[10:40:28.330][Event] FILE_CHANGED: "file://%WS1%/ex1.tex"
[10:40:28.332][Cacher] Updated inputs of %WS1%/ex1.tex .
[10:40:28.332][Cacher] Parse LaTeX AST: %WS1%/ex1.tex .
[10:40:28.334][Build][Recipe] Preparing to run recipe: latexmk.
[10:40:28.334][Build][Recipe] Prepared 1 tools.
[10:40:28.336][Build][Recipe] outDir: %WS1% .
[10:40:28.338][Build] Recipe step 1 The command is latexmk:["-synctex=1","-interaction=nonstopmode","-file-line-error","-pdf","-outdir=%WS1%","%WS1%/ex1"].
[10:40:28.338][Build] env: {}
[10:40:28.338][Build] root: %WS1%/ex1.tex
[10:40:28.339][Build] cwd: %WS1%
[10:40:28.347][Build] LaTeX build process spawned with PID 44104.
[10:40:28.389][Cacher] Parsed LaTeX AST in 56.05 ms: %WS1%/ex1.tex .
[10:40:28.389][File] kpsewhich cache hit on article.cls: /usr/share/texmf-dist/tex/latex/base/article.cls .
[10:40:28.393][Cacher] Updated elements in 4.31 ms: %WS1%/ex1.tex .
[10:40:28.394][Event] FILE_PARSED: "%WS1%/ex1.tex"
[10:40:28.395][Structure] Structure force updated with 1 root sections for %WS1%/ex1.tex .
[10:40:28.395][Event] STRUCTURE_UPDATED
[10:40:28.587][Build] Finished a step in recipe with PID 44104.
[10:40:28.587][Build] Successfully built %WS1%/ex1.tex .
[10:40:28.588][Event] BUILD_DONE
[10:40:34.808][Commander] VIEW command invoked with mode: file://%WS1%/ex1.tex.
[10:40:34.809][Root] Current workspace folders: ["file://%WS1%"]
[10:40:34.809][Root] Try finding root from magic comment.
[10:40:34.810][Root] Try finding root from active editor.
[10:40:34.810][Root] Found root file from active editor: %WS1%/ex1.tex
[10:40:34.811][Root] Keep using the same root file: %WS1%/ex1.tex
[10:40:34.811][Event] ROOT_FILE_SEARCHED
[10:40:34.811][Event] STRUCTURE_UPDATED
[10:40:34.961][Viewer][Panel] Internal PDF viewer at http://127.0.0.1:41069/viewer.html?file=pdf..ZmlsZSUzQSUyRiUyRiUyRmhvbWUlMkZtYXJjbyUyRm1vanVmZXIlMkZldGglMkZDeWJlcnNpY2hlcmhlaXRzcG9saXRpayUyRmV4MSUyRmV4MS5wZGY .
[10:40:34.962][Cacher][Watcher] Watched file://%WS1%/ex1.pdf by the .pdf watcher.
[10:40:34.962][Event] FILE_WATCHED: "file://%WS1%/ex1.pdf"
[10:40:35.008][Viewer] Open PDF tab for file://%WS1%/ex1.pdf
[10:40:35.360][Viewer] Handle data type: open
[10:40:35.520][Server] Preview PDF file: file://%WS1%/ex1.pdf
[10:40:35.768][Viewer] Handle data type: loaded
[10:40:35.768][Event] VIEWER_PAGE_LOADED
[10:40:53.716][Extension] onDidSaveTextDocument triggered: file://%WS1%/ex1.tex
[10:40:53.786][Cacher][Watcher] "change" emitted on file://%WS1%/ex1.tex.
[10:40:53.789][Cacher] Caching %WS1%/ex1.tex .
[10:40:53.790][Build] Auto build started detecting the change of a file: %WS1%/ex1.tex .
[10:40:53.790][Event] AUTO_BUILD_INITIATED: {"type":"onFileChange","file":"%WS1%/ex1.tex"}
[10:40:53.791][Build] The document of the active editor: file://%WS1%/ex1.tex
[10:40:53.791][Build] The languageId of the document: latex
[10:40:53.791][Build] Building root file: %WS1%/ex1.tex
[10:40:53.792][Build][Recipe] Build root file %WS1%/ex1.tex
[10:40:53.792][Event] FILE_CHANGED: "file://%WS1%/ex1.tex"
[10:40:53.795][Cacher] Updated inputs of %WS1%/ex1.tex .
[10:40:53.795][Cacher] Parse LaTeX AST: %WS1%/ex1.tex .
[10:40:53.797][Build][Recipe] Preparing to run recipe: latexmk.
[10:40:53.797][Build][Recipe] Prepared 1 tools.
[10:40:53.798][Build][Recipe] outDir: %WS1% .
[10:40:53.801][Build] Recipe step 1 The command is latexmk:["-synctex=1","-interaction=nonstopmode","-file-line-error","-pdf","-outdir=%WS1%","%WS1%/ex1"].
[10:40:53.801][Build] env: {}
[10:40:53.801][Build] root: %WS1%/ex1.tex
[10:40:53.802][Build] cwd: %WS1%
[10:40:53.811][Build] LaTeX build process spawned with PID 44375.
[10:40:53.848][Cacher] Parsed LaTeX AST in 52.49 ms: %WS1%/ex1.tex .
[10:40:53.849][File] kpsewhich cache hit on article.cls: /usr/share/texmf-dist/tex/latex/base/article.cls .
[10:40:53.852][Cacher] Updated elements in 3.04 ms: %WS1%/ex1.tex .
[10:40:53.852][Event] FILE_PARSED: "%WS1%/ex1.tex"
[10:40:53.853][Structure] Structure force updated with 1 root sections for %WS1%/ex1.tex .
[10:40:53.853][Event] STRUCTURE_UPDATED
[10:40:54.942][Parser][TexLog] Logged 3 messages.
[10:40:54.943][Build] Recipe returns with error code 12/null on PID 44375.
[10:40:54.944][Build] Does the executable exist? $PATH: /sbin:/bin:/usr/local/sbin:/usr/local/bin:/usr/sbin:/usr/bin:/usr/bin/site_perl:/usr/bin/vendor_perl:/usr/bin/core_perl, $Path: undefined, $SHELL: /bin/fish
[10:40:54.944][Build] Latexmk: Sometimes, the -f option can be used to get latexmk
  to try to force complete processing.
  But normally, you will need to correct the file(s) that caused the
  error, and then rerun latexmk.
  In some cases, it is best to clean out generated files before rerunning
  latexmk after you've corrected the files.

[10:40:54.945][Build] Cleaning auxiliary files and retrying build after toolchain error.
[10:40:54.947][Cleaner] Clean temporary files command The command is latexmk:["-outdir=%WS1%","-c","%WS1%/ex1.tex"].
[10:40:54.956][Build] Recipe step 1 The command is latexmk:["-synctex=1","-interaction=nonstopmode","-file-line-error","-pdf","-outdir=%WS1%","%WS1%/ex1"].
[10:40:54.957][Build] env: {}
[10:40:54.957][Build] root: %WS1%/ex1.tex
[10:40:54.958][Build] cwd: %WS1%
[10:40:54.966][Build] LaTeX build process spawned with PID 44406.
[10:40:55.122][Event] AUTO_CLEANED
[10:40:55.589][Parser][TexLog] Logged 3 messages.
[10:40:55.590][Build] Recipe returns with error code 12/null on PID 44406.
[10:40:55.590][Build] Does the executable exist? $PATH: /sbin:/bin:/usr/local/sbin:/usr/local/bin:/usr/sbin:/usr/bin:/usr/bin/site_perl:/usr/bin/vendor_perl:/usr/bin/core_perl, $Path: undefined, $SHELL: /bin/fish
[10:40:55.590][Build] Latexmk: Sometimes, the -f option can be used to get latexmk
  to try to force complete processing.
  But normally, you will need to correct the file(s) that caused the
  error, and then rerun latexmk.
  In some cases, it is best to clean out generated files before rerunning
  latexmk after you've corrected the files.

[10:40:59.341][Event] STRUCTURE_UPDATED
[10:41:07.577][Event] STRUCTURE_UPDATED
[10:41:20.802][Extension] onDidSaveTextDocument triggered: file://%WS1%/ex1.tex
[10:41:20.871][Cacher][Watcher] "change" emitted on file://%WS1%/ex1.tex.
[10:41:20.872][Cacher] Caching %WS1%/ex1.tex .
[10:41:20.873][Build] Auto build started detecting the change of a file: %WS1%/ex1.tex .
[10:41:20.873][Event] AUTO_BUILD_INITIATED: {"type":"onFileChange","file":"%WS1%/ex1.tex"}
[10:41:20.873][Build] The document of the active editor: file://%WS1%/ex1.tex
[10:41:20.874][Build] The languageId of the document: latex
[10:41:20.874][Build] Building root file: %WS1%/ex1.tex
[10:41:20.874][Build][Recipe] Build root file %WS1%/ex1.tex
[10:41:20.874][Event] FILE_CHANGED: "file://%WS1%/ex1.tex"
[10:41:20.876][Cacher] Updated inputs of %WS1%/ex1.tex .
[10:41:20.877][Cacher] Parse LaTeX AST: %WS1%/ex1.tex .
[10:41:20.878][Build][Recipe] Preparing to run recipe: latexmk.
[10:41:20.878][Build][Recipe] Prepared 1 tools.
[10:41:20.880][Build][Recipe] outDir: %WS1% .
[10:41:20.882][Build] Recipe step 1 The command is latexmk:["-synctex=1","-interaction=nonstopmode","-file-line-error","-pdf","-outdir=%WS1%","%WS1%/ex1"].
[10:41:20.882][Build] env: {}
[10:41:20.883][Build] root: %WS1%/ex1.tex
[10:41:20.883][Build] cwd: %WS1%
[10:41:20.891][Build] LaTeX build process spawned with PID 44640.
[10:41:20.927][Cacher] Parsed LaTeX AST in 49.83 ms: %WS1%/ex1.tex .
[10:41:20.927][File] kpsewhich cache hit on article.cls: /usr/share/texmf-dist/tex/latex/base/article.cls .
[10:41:20.930][Cacher] Updated elements in 2.80 ms: %WS1%/ex1.tex .
[10:41:20.931][Event] FILE_PARSED: "%WS1%/ex1.tex"
[10:41:20.931][Structure] Structure force updated with 1 root sections for %WS1%/ex1.tex .
[10:41:20.932][Event] STRUCTURE_UPDATED
[10:41:21.863][Cacher][Watcher] "change" emitted on file://%WS1%/ex1.pdf after polling for 27091 ms.
[10:41:21.864][Event] FILE_CHANGED: "file://%WS1%/ex1.pdf"
[10:41:21.986][Parser][TexLog] Logged 3 messages.
[10:41:21.987][Build] Finished a step in recipe with PID 44640.
[10:41:21.987][Build] Successfully built %WS1%/ex1.tex .
[10:41:21.988][Event] BUILD_DONE
[10:41:21.988][Viewer] Call refreshExistingViewer: file://%WS1%/ex1.pdf .
[10:41:21.989][Viewer] Refresh PDF viewer: file://%WS1%/ex1.pdf
[10:41:21.993][Cacher] Parsing .fls %WS1%/ex1.fls .
[10:41:22.013][Cacher] Found .aux %WS1%/ex1.aux from .fls %WS1%/ex1.fls , parsing.
[10:41:22.015][Cacher] Parsed .aux %WS1%/ex1.aux .
[10:41:22.015][Cacher] Parsed .fls %WS1%/ex1.fls .
[10:41:22.049][Server] Preview PDF file: file://%WS1%/ex1.pdf
[10:41:22.179][Viewer] Handle data type: loaded
[10:41:22.180][Event] VIEWER_PAGE_LOADED
[10:41:22.359][Cacher][Watcher] "change" emitted on file://%WS1%/ex1.pdf after polling for 254 ms.
[10:41:22.359][Event] FILE_CHANGED: "file://%WS1%/ex1.pdf"
[10:41:27.305][Extension] onDidSaveTextDocument triggered: file://%WS1%/ex1.tex
[10:41:27.374][Cacher][Watcher] "change" emitted on file://%WS1%/ex1.tex.
[10:41:27.375][Cacher] Caching %WS1%/ex1.tex .
[10:41:27.376][Build] Auto build started detecting the change of a file: %WS1%/ex1.tex .
[10:41:27.376][Event] AUTO_BUILD_INITIATED: {"type":"onFileChange","file":"%WS1%/ex1.tex"}
[10:41:27.377][Build] The document of the active editor: file://%WS1%/ex1.tex
[10:41:27.377][Build] The languageId of the document: latex
[10:41:27.377][Build] Building root file: %WS1%/ex1.tex
[10:41:27.377][Build][Recipe] Build root file %WS1%/ex1.tex
[10:41:27.378][Event] FILE_CHANGED: "file://%WS1%/ex1.tex"
[10:41:27.380][Cacher] Updated inputs of %WS1%/ex1.tex .
[10:41:27.380][Cacher] Parse LaTeX AST: %WS1%/ex1.tex .
[10:41:27.382][Build][Recipe] Preparing to run recipe: latexmk.
[10:41:27.382][Build][Recipe] Prepared 1 tools.
[10:41:27.384][Build][Recipe] outDir: %WS1% .
[10:41:27.387][Build] Recipe step 1 The command is latexmk:["-synctex=1","-interaction=nonstopmode","-file-line-error","-pdf","-outdir=%WS1%","%WS1%/ex1"].
[10:41:27.387][Build] env: {}
[10:41:27.387][Build] root: %WS1%/ex1.tex
[10:41:27.388][Build] cwd: %WS1%
[10:41:27.397][Build] LaTeX build process spawned with PID 44690.
[10:41:27.426][Cacher] Parsed LaTeX AST in 45.63 ms: %WS1%/ex1.tex .
[10:41:27.427][File] kpsewhich cache hit on article.cls: /usr/share/texmf-dist/tex/latex/base/article.cls .
[10:41:27.430][Cacher] Updated elements in 2.71 ms: %WS1%/ex1.tex .
[10:41:27.430][Event] FILE_PARSED: "%WS1%/ex1.tex"
[10:41:27.431][Structure] Structure force updated with 1 root sections for %WS1%/ex1.tex .
[10:41:27.431][Event] STRUCTURE_UPDATED
[10:41:28.497][Parser][TexLog] Logged 3 messages.
[10:41:28.498][Build] Finished a step in recipe with PID 44690.
[10:41:28.498][Build] Successfully built %WS1%/ex1.tex .
[10:41:28.498][Event] BUILD_DONE
[10:41:28.499][Viewer] Call refreshExistingViewer: file://%WS1%/ex1.pdf .
[10:41:28.499][Viewer] Refresh PDF viewer: file://%WS1%/ex1.pdf
[10:41:28.502][Cacher] Parsing .fls %WS1%/ex1.fls .
[10:41:28.526][Cacher] Found .aux %WS1%/ex1.aux from .fls %WS1%/ex1.fls , parsing.
[10:41:28.528][Cacher] Parsed .aux %WS1%/ex1.aux .
[10:41:28.529][Cacher] Parsed .fls %WS1%/ex1.fls .
[10:41:28.554][Server] Preview PDF file: file://%WS1%/ex1.pdf
[10:41:28.617][Viewer] Handle data type: loaded
[10:41:28.618][Event] VIEWER_PAGE_LOADED
[10:42:10.712][Cacher][Watcher] Reset.
[10:42:10.713][Cacher][Watcher] Reset.
