2024-11-19 10:27:20.385 [info] [main] Log level: Info
2024-11-19 10:27:20.385 [info] [main] Validating found git in: "git"
2024-11-19 10:27:20.385 [info] [main] Using git "2.47.0" from "git"
2024-11-19 10:27:20.385 [info] [Model][doInitialScan] Initial repository scan started
2024-11-19 10:27:20.385 [info] > git rev-parse --show-toplevel [5ms]
2024-11-19 10:27:20.385 [info] fatal: not a git repository (or any of the parent directories): .git
2024-11-19 10:27:20.385 [info] > git rev-parse --show-toplevel [2ms]
2024-11-19 10:27:20.385 [info] fatal: not a git repository (or any of the parent directories): .git
2024-11-19 10:27:20.385 [info] [Model][doInitialScan] Initial repository scan completed - repositories (0), closed repositories (0), parent repositories (0), unsafe repositories (0)
2024-11-19 10:27:20.489 [info] > git rev-parse --show-toplevel [1ms]
2024-11-19 10:27:20.489 [info] fatal: not a git repository (or any of the parent directories): .git
2024-11-19 10:27:20.541 [info] > git rev-parse --show-toplevel [2ms]
2024-11-19 10:27:20.541 [info] fatal: not a git repository (or any of the parent directories): .git
2024-11-19 10:27:21.073 [info] > git rev-parse --show-toplevel [1ms]
2024-11-19 10:27:21.073 [info] fatal: not a git repository (or any of the parent directories): .git
2024-11-19 10:29:37.431 [info] > git rev-parse --show-toplevel [11ms]
2024-11-19 10:29:37.431 [info] fatal: not a git repository (or any of the parent directories): .git
2024-11-19 10:29:45.125 [info] > git rev-parse --show-toplevel [3ms]
2024-11-19 10:29:45.125 [info] fatal: not a git repository (or any of the parent directories): .git
2024-11-19 10:29:53.535 [info] > git rev-parse --show-toplevel [2ms]
2024-11-19 10:29:53.536 [info] fatal: not a git repository (or any of the parent directories): .git
2024-11-19 10:29:54.172 [info] > git rev-parse --show-toplevel [5ms]
2024-11-19 10:29:54.172 [info] fatal: not a git repository (or any of the parent directories): .git
2024-11-19 10:32:05.917 [info] > git rev-parse --show-toplevel [4ms]
2024-11-19 10:32:05.917 [info] fatal: not a git repository (or any of the parent directories): .git
2024-11-19 10:32:12.357 [info] > git rev-parse --show-toplevel [4ms]
2024-11-19 10:32:12.357 [info] fatal: not a git repository (or any of the parent directories): .git
2024-11-19 10:32:20.093 [info] [main] Log level: Info
2024-11-19 10:32:20.093 [info] [main] Validating found git in: "git"
2024-11-19 10:32:20.093 [info] [main] Using git "2.47.0" from "git"
2024-11-19 10:32:20.093 [info] [Model][doInitialScan] Initial repository scan started
2024-11-19 10:32:20.093 [info] > git rev-parse --show-toplevel [6ms]
2024-11-19 10:32:20.093 [info] fatal: not a git repository (or any of the parent directories): .git
2024-11-19 10:32:20.094 [info] > git rev-parse --show-toplevel [6ms]
2024-11-19 10:32:20.094 [info] fatal: not a git repository (or any of the parent directories): .git
2024-11-19 10:32:20.094 [info] [Model][doInitialScan] Initial repository scan completed - repositories (0), closed repositories (0), parent repositories (0), unsafe repositories (0)
2024-11-19 10:32:29.946 [info] > git rev-parse --show-toplevel [3ms]
2024-11-19 10:32:29.946 [info] fatal: not a git repository (or any of the parent directories): .git
2024-11-19 10:32:31.426 [info] > git rev-parse --show-toplevel [2ms]
2024-11-19 10:32:31.426 [info] fatal: not a git repository (or any of the parent directories): .git
2024-11-19 10:32:33.696 [info] > git rev-parse --show-toplevel [2ms]
2024-11-19 10:32:33.696 [info] fatal: not a git repository (or any of the parent directories): .git
2024-11-19 10:33:17.433 [info] > git rev-parse --show-toplevel [2ms]
2024-11-19 10:33:17.433 [info] fatal: not a git repository (or any of the parent directories): .git
2024-11-19 10:33:17.448 [info] > git rev-parse --show-toplevel [4ms]
2024-11-19 10:33:17.448 [info] fatal: not a git repository (or any of the parent directories): .git
2024-11-19 10:33:20.994 [info] > git rev-parse --show-toplevel [5ms]
2024-11-19 10:33:20.994 [info] fatal: not a git repository (or any of the parent directories): .git
2024-11-19 10:33:21.007 [info] > git rev-parse --show-toplevel [2ms]
2024-11-19 10:33:21.007 [info] fatal: not a git repository (or any of the parent directories): .git
2024-11-19 10:33:21.021 [info] > git rev-parse --show-toplevel [3ms]
2024-11-19 10:33:21.021 [info] fatal: not a git repository (or any of the parent directories): .git
2024-11-19 10:33:23.135 [info] > git rev-parse --show-toplevel [2ms]
2024-11-19 10:33:23.135 [info] fatal: not a git repository (or any of the parent directories): .git
2024-11-19 10:33:23.146 [info] > git rev-parse --show-toplevel [1ms]
2024-11-19 10:33:23.146 [info] fatal: not a git repository (or any of the parent directories): .git
2024-11-19 10:33:24.193 [info] > git rev-parse --show-toplevel [2ms]
2024-11-19 10:33:24.193 [info] fatal: not a git repository (or any of the parent directories): .git
2024-11-19 10:35:33.908 [info] > git rev-parse --show-toplevel [2ms]
2024-11-19 10:35:33.908 [info] fatal: not a git repository (or any of the parent directories): .git
2024-11-19 10:35:36.408 [info] > git rev-parse --show-toplevel [4ms]
2024-11-19 10:35:36.408 [info] fatal: not a git repository (or any of the parent directories): .git
2024-11-19 10:37:54.365 [info] > git rev-parse --show-toplevel [2ms]
2024-11-19 10:37:54.365 [info] fatal: not a git repository (or any of the parent directories): .git
2024-11-19 10:37:58.768 [info] > git rev-parse --show-toplevel [3ms]
2024-11-19 10:37:58.768 [info] fatal: not a git repository (or any of the parent directories): .git
2024-11-19 10:39:15.086 [info] > git rev-parse --show-toplevel [4ms]
2024-11-19 10:39:15.087 [info] fatal: not a git repository (or any of the parent directories): .git
2024-11-19 10:39:48.038 [info] > git rev-parse --show-toplevel [3ms]
2024-11-19 10:39:48.039 [info] fatal: not a git repository (or any of the parent directories): .git
2024-11-19 10:40:24.997 [info] > git rev-parse --show-toplevel [5ms]
2024-11-19 10:40:24.997 [info] fatal: not a git repository (or any of the parent directories): .git
2024-11-19 10:40:59.356 [info] > git rev-parse --show-toplevel [3ms]
2024-11-19 10:40:59.356 [info] fatal: not a git repository (or any of the parent directories): .git
2024-11-19 10:40:59.391 [info] > git rev-parse --show-toplevel [3ms]
2024-11-19 10:40:59.392 [info] fatal: not a git repository (or any of the parent directories): .git
2024-11-19 10:41:07.590 [info] > git rev-parse --show-toplevel [3ms]
2024-11-19 10:41:07.590 [info] fatal: not a git repository (or any of the parent directories): .git
