2024-11-19 08:57:33.200 [info] Extension host with pid 492483 started
2024-11-19 08:57:33.404 [info] ExtensionService#_doActivateExtension vscode.emmet, startup: false, activationEvent: 'onLanguage'
2024-11-19 08:57:33.440 [info] ExtensionService#_doActivateExtension vscode.extension-editing, startup: false, activationEvent: 'onLanguage:markdown'
2024-11-19 08:57:33.467 [info] ExtensionService#_doActivateExtension vscode.markdown-language-features, startup: false, activationEvent: 'onLanguage:markdown'
2024-11-19 08:57:34.273 [info] ExtensionService#_doActivateExtension vscode.git-base, startup: true, activationEvent: '*', root cause: vscode.git
2024-11-19 08:57:34.281 [info] ExtensionService#_doActivateExtension vscode.git, startup: true, activationEvent: '*'
2024-11-19 08:57:34.427 [info] ExtensionService#_doActivateExtension vscode.github, startup: true, activationEvent: '*'
2024-11-19 08:57:34.530 [info] Eager extensions activated
2024-11-19 08:57:34.662 [info] ExtensionService#_doActivateExtension vscode.debug-auto-launch, startup: false, activationEvent: 'onStartupFinished'
2024-11-19 08:57:34.666 [info] ExtensionService#_doActivateExtension vscode.merge-conflict, startup: false, activationEvent: 'onStartupFinished'
2024-11-19 08:57:34.700 [info] ExtensionService#_doActivateExtension vscode.markdown-math, startup: false, activationEvent: 'api', root cause: vscode.markdown-language-features
2024-11-19 08:58:37.916 [info] Extension host terminating: renderer closed the MessagePort
2024-11-19 08:58:37.936 [info] Extension host with pid 492483 exiting with code 0
2024-11-19 08:58:40.217 [info] Extension host with pid 493197 started
2024-11-19 08:58:40.217 [info] Skipping acquiring lock for /home/marco/.config/VSCodium/User/workspaceStorage/c15e2d9d7fec85c75231649a2c6a73a1.
2024-11-19 08:58:40.311 [info] ExtensionService#_doActivateExtension vscode.git-base, startup: true, activationEvent: '*'
2024-11-19 08:58:40.325 [info] ExtensionService#_doActivateExtension vscode.github, startup: true, activationEvent: '*'
2024-11-19 08:58:40.414 [info] Eager extensions activated
2024-11-19 08:58:40.445 [info] ExtensionService#_doActivateExtension vscode.debug-auto-launch, startup: false, activationEvent: 'onStartupFinished'
2024-11-19 08:58:40.451 [info] ExtensionService#_doActivateExtension vscode.merge-conflict, startup: false, activationEvent: 'onStartupFinished'
2024-11-19 08:58:46.134 [info] ExtensionService#_doActivateExtension vscode.git, startup: false, activationEvent: 'api', root cause: vscode.github
2024-11-19 08:58:52.421 [info] ExtensionService#_doActivateExtension James-Yu.latex-workshop, startup: false, activationEvent: 'onLanguage:latex'
2024-11-19 08:58:52.743 [warning] DiagnosticCollection with name 'BibTeX' does already exist.
2024-11-19 08:58:53.116 [warning] DiagnosticCollection with name 'BibTeX' does already exist.
2024-11-19 08:58:53.169 [info] ExtensionService#_doActivateExtension vscode.emmet, startup: false, activationEvent: 'onLanguage'
2024-11-19 09:01:48.542 [info] Extension host terminating: renderer closed the MessagePort
2024-11-19 09:01:48.591 [info] Extension host with pid 493197 exiting with code 0
