2024-11-19 10:29:36.472 [info] Getting Manifest... esbenp.prettier-vscode
2024-11-19 10:29:36.532 [info] Installing extension: esbenp.prettier-vscode {"isMachineScoped":false,"installPreReleaseVersion":false,"pinned":false,"profileLocation":{"$mid":1,"external":"vscode-userdata:/home/marco/.vscode-oss/extensions/extensions.json","path":"/home/marco/.vscode-oss/extensions/extensions.json","scheme":"vscode-userdata"},"installOnlyNewlyAddedFromExtensionPack":true,"isApplicationScoped":false,"productVersion":{"version":"1.95.3","date":"2024-11-16T01:21:03.577Z"}}
2024-11-19 10:29:37.304 [info] Extracted extension to file:///home/marco/.vscode-oss/extensions/esbenp.prettier-vscode-11.0.0: esbenp.prettier-vscode
2024-11-19 10:29:37.310 [info] Renamed to /home/marco/.vscode-oss/extensions/esbenp.prettier-vscode-11.0.0
2024-11-19 10:29:37.340 [info] Extension installed successfully: esbenp.prettier-vscode vscode-userdata:/home/marco/.vscode-oss/extensions/extensions.json
2024-11-19 10:29:37.404 [error] [uncaught exception in sharedProcess]: Error: ENOENT: no such file or directory, stat '/home/marco/.vscode-oss/extensions/extensions.json.vsctmp': EntryNotFound (FileSystemError): Error: ENOENT: no such file or directory, stat '/home/marco/.vscode-oss/extensions/extensions.json.vsctmp'
    at um.create (file:///opt/vscodium-bin/resources/app/out/vs/code/electron-utility/sharedProcess/sharedProcessMain.js:35:44274)
    at Ei (file:///opt/vscodium-bin/resources/app/out/vs/code/electron-utility/sharedProcess/sharedProcessMain.js:35:44381)
    at Fn.toFileSystemProviderError (file:///opt/vscodium-bin/resources/app/out/vs/code/electron-utility/sharedProcess/sharedProcessMain.js:71:28542)
    at Fn.stat (file:///opt/vscodium-bin/resources/app/out/vs/code/electron-utility/sharedProcess/sharedProcessMain.js:71:20509)
    at async Zl.stat (file:///opt/vscodium-bin/resources/app/out/vs/code/electron-utility/sharedProcess/sharedProcessMain.js:70:101684)
    at async Gl.onDidFilesChange (file:///opt/vscodium-bin/resources/app/out/vs/code/electron-utility/sharedProcess/sharedProcessMain.js:70:79904)
2024-11-19 10:37:53.589 [info] Getting Manifest... vscodevim.vim
2024-11-19 10:37:53.644 [info] Installing extension: vscodevim.vim {"isMachineScoped":false,"installPreReleaseVersion":false,"pinned":false,"profileLocation":{"$mid":1,"external":"vscode-userdata:/home/marco/.vscode-oss/extensions/extensions.json","path":"/home/marco/.vscode-oss/extensions/extensions.json","scheme":"vscode-userdata"},"installOnlyNewlyAddedFromExtensionPack":true,"isApplicationScoped":false,"productVersion":{"version":"1.95.3","date":"2024-11-16T01:21:03.577Z"}}
2024-11-19 10:37:54.214 [info] Extracted extension to file:///home/marco/.vscode-oss/extensions/vscodevim.vim-1.28.1: vscodevim.vim
2024-11-19 10:37:54.219 [info] Renamed to /home/marco/.vscode-oss/extensions/vscodevim.vim-1.28.1
2024-11-19 10:37:54.245 [info] Extension installed successfully: vscodevim.vim vscode-userdata:/home/marco/.vscode-oss/extensions/extensions.json
2024-11-19 10:37:54.330 [error] [uncaught exception in sharedProcess]: Error: ENOENT: no such file or directory, stat '/home/marco/.vscode-oss/extensions/extensions.json.vsctmp': EntryNotFound (FileSystemError): Error: ENOENT: no such file or directory, stat '/home/marco/.vscode-oss/extensions/extensions.json.vsctmp'
    at um.create (file:///opt/vscodium-bin/resources/app/out/vs/code/electron-utility/sharedProcess/sharedProcessMain.js:35:44274)
    at Ei (file:///opt/vscodium-bin/resources/app/out/vs/code/electron-utility/sharedProcess/sharedProcessMain.js:35:44381)
    at Fn.toFileSystemProviderError (file:///opt/vscodium-bin/resources/app/out/vs/code/electron-utility/sharedProcess/sharedProcessMain.js:71:28542)
    at Fn.stat (file:///opt/vscodium-bin/resources/app/out/vs/code/electron-utility/sharedProcess/sharedProcessMain.js:71:20509)
    at async Zl.stat (file:///opt/vscodium-bin/resources/app/out/vs/code/electron-utility/sharedProcess/sharedProcessMain.js:70:101684)
    at async Gl.onDidFilesChange (file:///opt/vscodium-bin/resources/app/out/vs/code/electron-utility/sharedProcess/sharedProcessMain.js:70:79904)
