2024-11-19 10:27:18.597 [info] Started local extension host with pid 36512.
2024-11-19 10:27:20.342 [error] Illegal value for lineNumber: Error: Illegal value for lineNumber
    at kS.getLineMaxColumn (vscode-file://vscode-app/opt/vscodium-bin/resources/app/out/vs/workbench/workbench.desktop.main.js:253:144)
    at Ba.getBottomForLineNumber (vscode-file://vscode-app/opt/vscodium-bin/resources/app/out/vs/workbench/workbench.desktop.main.js:262:2182)
    at RI.findScrollWidgetState (vscode-file://vscode-app/opt/vscodium-bin/resources/app/out/vs/workbench/workbench.desktop.main.js:479:70468)
    at RI._updateState (vscode-file://vscode-app/opt/vscodium-bin/resources/app/out/vs/workbench/workbench.desktop.main.js:479:69489)
    at async RI._renderStickyScroll (vscode-file://vscode-app/opt/vscodium-bin/resources/app/out/vs/workbench/workbench.desktop.main.js:479:68461)
2024-11-19 10:27:21.637 [info] [perf] Render performance baseline is 30ms
2024-11-19 10:27:31.785 [error] Illegal value for lineNumber: Error: Illegal value for lineNumber
    at kS.getLineMaxColumn (vscode-file://vscode-app/opt/vscodium-bin/resources/app/out/vs/workbench/workbench.desktop.main.js:253:144)
    at Ba.getBottomForLineNumber (vscode-file://vscode-app/opt/vscodium-bin/resources/app/out/vs/workbench/workbench.desktop.main.js:262:2182)
    at RI.findScrollWidgetState (vscode-file://vscode-app/opt/vscodium-bin/resources/app/out/vs/workbench/workbench.desktop.main.js:479:70468)
    at RI._updateState (vscode-file://vscode-app/opt/vscodium-bin/resources/app/out/vs/workbench/workbench.desktop.main.js:479:69489)
    at async RI._renderStickyScroll (vscode-file://vscode-app/opt/vscodium-bin/resources/app/out/vs/workbench/workbench.desktop.main.js:479:68461)
2024-11-19 10:27:35.511 [error] Illegal value for lineNumber: Error: Illegal value for lineNumber
    at kS.getLineMaxColumn (vscode-file://vscode-app/opt/vscodium-bin/resources/app/out/vs/workbench/workbench.desktop.main.js:253:144)
    at Ba.getBottomForLineNumber (vscode-file://vscode-app/opt/vscodium-bin/resources/app/out/vs/workbench/workbench.desktop.main.js:262:2182)
    at RI.findScrollWidgetState (vscode-file://vscode-app/opt/vscodium-bin/resources/app/out/vs/workbench/workbench.desktop.main.js:479:70468)
    at RI._updateState (vscode-file://vscode-app/opt/vscodium-bin/resources/app/out/vs/workbench/workbench.desktop.main.js:479:69489)
    at async RI._renderStickyScroll (vscode-file://vscode-app/opt/vscodium-bin/resources/app/out/vs/workbench/workbench.desktop.main.js:479:68461)
2024-11-19 10:27:36.555 [error] Illegal value for lineNumber: Error: Illegal value for lineNumber
    at kS.getLineMaxColumn (vscode-file://vscode-app/opt/vscodium-bin/resources/app/out/vs/workbench/workbench.desktop.main.js:253:144)
    at Ba.getBottomForLineNumber (vscode-file://vscode-app/opt/vscodium-bin/resources/app/out/vs/workbench/workbench.desktop.main.js:262:2182)
    at RI.findScrollWidgetState (vscode-file://vscode-app/opt/vscodium-bin/resources/app/out/vs/workbench/workbench.desktop.main.js:479:70468)
    at RI._updateState (vscode-file://vscode-app/opt/vscodium-bin/resources/app/out/vs/workbench/workbench.desktop.main.js:479:69489)
    at async RI._renderStickyScroll (vscode-file://vscode-app/opt/vscodium-bin/resources/app/out/vs/workbench/workbench.desktop.main.js:479:68461)
2024-11-19 10:27:39.812 [error] Illegal value for lineNumber: Error: Illegal value for lineNumber
    at kS.getLineMaxColumn (vscode-file://vscode-app/opt/vscodium-bin/resources/app/out/vs/workbench/workbench.desktop.main.js:253:144)
    at Ba.getBottomForLineNumber (vscode-file://vscode-app/opt/vscodium-bin/resources/app/out/vs/workbench/workbench.desktop.main.js:262:2182)
    at RI.findScrollWidgetState (vscode-file://vscode-app/opt/vscodium-bin/resources/app/out/vs/workbench/workbench.desktop.main.js:479:70468)
    at RI._updateState (vscode-file://vscode-app/opt/vscodium-bin/resources/app/out/vs/workbench/workbench.desktop.main.js:479:69489)
    at async RI._renderStickyScroll (vscode-file://vscode-app/opt/vscodium-bin/resources/app/out/vs/workbench/workbench.desktop.main.js:479:68461)
2024-11-19 10:27:42.240 [error] Illegal value for lineNumber: Error: Illegal value for lineNumber
    at kS.getLineMaxColumn (vscode-file://vscode-app/opt/vscodium-bin/resources/app/out/vs/workbench/workbench.desktop.main.js:253:144)
    at Ba.getBottomForLineNumber (vscode-file://vscode-app/opt/vscodium-bin/resources/app/out/vs/workbench/workbench.desktop.main.js:262:2182)
    at RI.findScrollWidgetState (vscode-file://vscode-app/opt/vscodium-bin/resources/app/out/vs/workbench/workbench.desktop.main.js:479:70468)
    at RI._updateState (vscode-file://vscode-app/opt/vscodium-bin/resources/app/out/vs/workbench/workbench.desktop.main.js:479:69489)
    at async RI._renderStickyScroll (vscode-file://vscode-app/opt/vscodium-bin/resources/app/out/vs/workbench/workbench.desktop.main.js:479:68461)
2024-11-19 10:28:40.657 [error] Illegal value for lineNumber: Error: Illegal value for lineNumber
    at kS.getLineMaxColumn (vscode-file://vscode-app/opt/vscodium-bin/resources/app/out/vs/workbench/workbench.desktop.main.js:253:144)
    at Ba.getBottomForLineNumber (vscode-file://vscode-app/opt/vscodium-bin/resources/app/out/vs/workbench/workbench.desktop.main.js:262:2182)
    at RI.findScrollWidgetState (vscode-file://vscode-app/opt/vscodium-bin/resources/app/out/vs/workbench/workbench.desktop.main.js:479:70468)
    at RI._updateState (vscode-file://vscode-app/opt/vscodium-bin/resources/app/out/vs/workbench/workbench.desktop.main.js:479:69489)
    at async RI._renderStickyScroll (vscode-file://vscode-app/opt/vscodium-bin/resources/app/out/vs/workbench/workbench.desktop.main.js:479:68461)
2024-11-19 10:28:42.162 [error] Illegal value for lineNumber: Error: Illegal value for lineNumber
    at kS.getLineMaxColumn (vscode-file://vscode-app/opt/vscodium-bin/resources/app/out/vs/workbench/workbench.desktop.main.js:253:144)
    at Ba.getBottomForLineNumber (vscode-file://vscode-app/opt/vscodium-bin/resources/app/out/vs/workbench/workbench.desktop.main.js:262:2182)
    at RI.findScrollWidgetState (vscode-file://vscode-app/opt/vscodium-bin/resources/app/out/vs/workbench/workbench.desktop.main.js:479:70468)
    at RI._updateState (vscode-file://vscode-app/opt/vscodium-bin/resources/app/out/vs/workbench/workbench.desktop.main.js:479:69489)
    at async RI._renderStickyScroll (vscode-file://vscode-app/opt/vscodium-bin/resources/app/out/vs/workbench/workbench.desktop.main.js:479:68461)
2024-11-19 10:28:43.643 [error] Illegal value for lineNumber: Error: Illegal value for lineNumber
    at kS.getLineMaxColumn (vscode-file://vscode-app/opt/vscodium-bin/resources/app/out/vs/workbench/workbench.desktop.main.js:253:144)
    at Ba.getBottomForLineNumber (vscode-file://vscode-app/opt/vscodium-bin/resources/app/out/vs/workbench/workbench.desktop.main.js:262:2182)
    at RI.findScrollWidgetState (vscode-file://vscode-app/opt/vscodium-bin/resources/app/out/vs/workbench/workbench.desktop.main.js:479:70468)
    at RI._updateState (vscode-file://vscode-app/opt/vscodium-bin/resources/app/out/vs/workbench/workbench.desktop.main.js:479:69489)
    at async RI._renderStickyScroll (vscode-file://vscode-app/opt/vscodium-bin/resources/app/out/vs/workbench/workbench.desktop.main.js:479:68461)
2024-11-19 10:29:45.412 [error] Illegal value for lineNumber: Error: Illegal value for lineNumber
    at kS.getLineMaxColumn (vscode-file://vscode-app/opt/vscodium-bin/resources/app/out/vs/workbench/workbench.desktop.main.js:253:144)
    at Ba.getBottomForLineNumber (vscode-file://vscode-app/opt/vscodium-bin/resources/app/out/vs/workbench/workbench.desktop.main.js:262:2182)
    at RI.findScrollWidgetState (vscode-file://vscode-app/opt/vscodium-bin/resources/app/out/vs/workbench/workbench.desktop.main.js:479:70468)
    at RI._updateState (vscode-file://vscode-app/opt/vscodium-bin/resources/app/out/vs/workbench/workbench.desktop.main.js:479:69489)
    at async RI._renderStickyScroll (vscode-file://vscode-app/opt/vscodium-bin/resources/app/out/vs/workbench/workbench.desktop.main.js:479:68461)
2024-11-19 10:29:50.501 [error] Illegal value for lineNumber: Error: Illegal value for lineNumber
    at kS.getLineMaxColumn (vscode-file://vscode-app/opt/vscodium-bin/resources/app/out/vs/workbench/workbench.desktop.main.js:253:144)
    at Ba.getBottomForLineNumber (vscode-file://vscode-app/opt/vscodium-bin/resources/app/out/vs/workbench/workbench.desktop.main.js:262:2182)
    at RI.findScrollWidgetState (vscode-file://vscode-app/opt/vscodium-bin/resources/app/out/vs/workbench/workbench.desktop.main.js:479:70468)
    at RI._updateState (vscode-file://vscode-app/opt/vscodium-bin/resources/app/out/vs/workbench/workbench.desktop.main.js:479:69489)
    at async RI._renderStickyScroll (vscode-file://vscode-app/opt/vscodium-bin/resources/app/out/vs/workbench/workbench.desktop.main.js:479:68461)
2024-11-19 10:29:54.452 [error] Illegal value for lineNumber: Error: Illegal value for lineNumber
    at kS.getLineMaxColumn (vscode-file://vscode-app/opt/vscodium-bin/resources/app/out/vs/workbench/workbench.desktop.main.js:253:144)
    at Ba.getBottomForLineNumber (vscode-file://vscode-app/opt/vscodium-bin/resources/app/out/vs/workbench/workbench.desktop.main.js:262:2182)
    at RI.findScrollWidgetState (vscode-file://vscode-app/opt/vscodium-bin/resources/app/out/vs/workbench/workbench.desktop.main.js:479:70468)
    at RI._updateState (vscode-file://vscode-app/opt/vscodium-bin/resources/app/out/vs/workbench/workbench.desktop.main.js:479:69489)
    at async RI._renderStickyScroll (vscode-file://vscode-app/opt/vscodium-bin/resources/app/out/vs/workbench/workbench.desktop.main.js:479:68461)
2024-11-19 10:32:12.644 [error] Illegal value for lineNumber: Error: Illegal value for lineNumber
    at kS.getLineMaxColumn (vscode-file://vscode-app/opt/vscodium-bin/resources/app/out/vs/workbench/workbench.desktop.main.js:253:144)
    at Ba.getBottomForLineNumber (vscode-file://vscode-app/opt/vscodium-bin/resources/app/out/vs/workbench/workbench.desktop.main.js:262:2182)
    at RI.findScrollWidgetState (vscode-file://vscode-app/opt/vscodium-bin/resources/app/out/vs/workbench/workbench.desktop.main.js:479:70468)
    at RI._updateState (vscode-file://vscode-app/opt/vscodium-bin/resources/app/out/vs/workbench/workbench.desktop.main.js:479:69489)
    at async RI._renderStickyScroll (vscode-file://vscode-app/opt/vscodium-bin/resources/app/out/vs/workbench/workbench.desktop.main.js:479:68461)
2024-11-19 10:32:17.597 [info] Started local extension host with pid 39436.
2024-11-19 10:32:20.009 [error] Illegal value for lineNumber: Error: Illegal value for lineNumber
    at kS.getLineMaxColumn (vscode-file://vscode-app/opt/vscodium-bin/resources/app/out/vs/workbench/workbench.desktop.main.js:253:144)
    at Ba.getBottomForLineNumber (vscode-file://vscode-app/opt/vscodium-bin/resources/app/out/vs/workbench/workbench.desktop.main.js:262:2182)
    at RI.findScrollWidgetState (vscode-file://vscode-app/opt/vscodium-bin/resources/app/out/vs/workbench/workbench.desktop.main.js:479:70468)
    at RI._updateState (vscode-file://vscode-app/opt/vscodium-bin/resources/app/out/vs/workbench/workbench.desktop.main.js:479:69489)
    at async RI._renderStickyScroll (vscode-file://vscode-app/opt/vscodium-bin/resources/app/out/vs/workbench/workbench.desktop.main.js:479:68461)
2024-11-19 10:32:22.971 [error] No custom document found: Error: No custom document found
	at iU.getCustomDocumentEntry (file:///opt/vscodium-bin/resources/app/out/vs/workbench/api/node/extensionHostProcess.js:137:104179)
	at iU.$resolveCustomEditor (file:///opt/vscodium-bin/resources/app/out/vs/workbench/api/node/extensionHostProcess.js:137:102567)
	at py._doInvokeHandler (file:///opt/vscodium-bin/resources/app/out/vs/workbench/api/node/extensionHostProcess.js:31:122466)
	at py._invokeHandler (file:///opt/vscodium-bin/resources/app/out/vs/workbench/api/node/extensionHostProcess.js:31:122210)
	at py._receiveRequest (file:///opt/vscodium-bin/resources/app/out/vs/workbench/api/node/extensionHostProcess.js:31:120925)
	at py._receiveOneMessage (file:///opt/vscodium-bin/resources/app/out/vs/workbench/api/node/extensionHostProcess.js:31:119802)
	at mh.value (file:///opt/vscodium-bin/resources/app/out/vs/workbench/api/node/extensionHostProcess.js:31:117901)
	at I._deliver (file:///opt/vscodium-bin/resources/app/out/vs/workbench/api/node/extensionHostProcess.js:29:922)
	at I.fire (file:///opt/vscodium-bin/resources/app/out/vs/workbench/api/node/extensionHostProcess.js:29:1242)
	at jn.fire (file:///opt/vscodium-bin/resources/app/out/vs/workbench/api/node/extensionHostProcess.js:31:10940)
	at mh.value (file:///opt/vscodium-bin/resources/app/out/vs/workbench/api/node/extensionHostProcess.js:174:14491)
	at I._deliver (file:///opt/vscodium-bin/resources/app/out/vs/workbench/api/node/extensionHostProcess.js:29:922)
	at I.fire (file:///opt/vscodium-bin/resources/app/out/vs/workbench/api/node/extensionHostProcess.js:29:1242)
	at jn.fire (file:///opt/vscodium-bin/resources/app/out/vs/workbench/api/node/extensionHostProcess.js:31:10940)
	at MessagePortMain.<anonymous> (file:///opt/vscodium-bin/resources/app/out/vs/workbench/api/node/extensionHostProcess.js:174:12702)
	at MessagePortMain.emit (node:events:519:28)
	at MessagePortMain._internalPort.emit (node:electron/js2c/utility_init:2:2949)
2024-11-19 10:32:30.232 [error] Illegal value for lineNumber: Error: Illegal value for lineNumber
    at kS.getLineMaxColumn (vscode-file://vscode-app/opt/vscodium-bin/resources/app/out/vs/workbench/workbench.desktop.main.js:253:144)
    at Ba.getBottomForLineNumber (vscode-file://vscode-app/opt/vscodium-bin/resources/app/out/vs/workbench/workbench.desktop.main.js:262:2182)
    at RI.findScrollWidgetState (vscode-file://vscode-app/opt/vscodium-bin/resources/app/out/vs/workbench/workbench.desktop.main.js:479:70468)
    at RI._updateState (vscode-file://vscode-app/opt/vscodium-bin/resources/app/out/vs/workbench/workbench.desktop.main.js:479:69489)
    at async RI._renderStickyScroll (vscode-file://vscode-app/opt/vscodium-bin/resources/app/out/vs/workbench/workbench.desktop.main.js:479:68461)
2024-11-19 10:32:33.991 [error] Illegal value for lineNumber: Error: Illegal value for lineNumber
    at kS.getLineMaxColumn (vscode-file://vscode-app/opt/vscodium-bin/resources/app/out/vs/workbench/workbench.desktop.main.js:253:144)
    at Ba.getBottomForLineNumber (vscode-file://vscode-app/opt/vscodium-bin/resources/app/out/vs/workbench/workbench.desktop.main.js:262:2182)
    at RI.findScrollWidgetState (vscode-file://vscode-app/opt/vscodium-bin/resources/app/out/vs/workbench/workbench.desktop.main.js:479:70468)
    at RI._updateState (vscode-file://vscode-app/opt/vscodium-bin/resources/app/out/vs/workbench/workbench.desktop.main.js:479:69489)
    at async RI._renderStickyScroll (vscode-file://vscode-app/opt/vscodium-bin/resources/app/out/vs/workbench/workbench.desktop.main.js:479:68461)
2024-11-19 10:32:48.507 [error] Illegal value for lineNumber: Error: Illegal value for lineNumber
    at kS.getLineMaxColumn (vscode-file://vscode-app/opt/vscodium-bin/resources/app/out/vs/workbench/workbench.desktop.main.js:253:144)
    at Ba.getBottomForLineNumber (vscode-file://vscode-app/opt/vscodium-bin/resources/app/out/vs/workbench/workbench.desktop.main.js:262:2182)
    at RI.findScrollWidgetState (vscode-file://vscode-app/opt/vscodium-bin/resources/app/out/vs/workbench/workbench.desktop.main.js:479:70468)
    at RI._updateState (vscode-file://vscode-app/opt/vscodium-bin/resources/app/out/vs/workbench/workbench.desktop.main.js:479:69489)
    at async RI._renderStickyScroll (vscode-file://vscode-app/opt/vscodium-bin/resources/app/out/vs/workbench/workbench.desktop.main.js:479:68461)
2024-11-19 10:33:00.718 [error] Illegal value for lineNumber: Error: Illegal value for lineNumber
    at kS.getLineMaxColumn (vscode-file://vscode-app/opt/vscodium-bin/resources/app/out/vs/workbench/workbench.desktop.main.js:253:144)
    at Ba.getBottomForLineNumber (vscode-file://vscode-app/opt/vscodium-bin/resources/app/out/vs/workbench/workbench.desktop.main.js:262:2182)
    at RI.findScrollWidgetState (vscode-file://vscode-app/opt/vscodium-bin/resources/app/out/vs/workbench/workbench.desktop.main.js:479:70468)
    at RI._updateState (vscode-file://vscode-app/opt/vscodium-bin/resources/app/out/vs/workbench/workbench.desktop.main.js:479:69489)
    at async RI._renderStickyScroll (vscode-file://vscode-app/opt/vscodium-bin/resources/app/out/vs/workbench/workbench.desktop.main.js:479:68461)
2024-11-19 10:33:02.087 [error] Illegal value for lineNumber: Error: Illegal value for lineNumber
    at kS.getLineMaxColumn (vscode-file://vscode-app/opt/vscodium-bin/resources/app/out/vs/workbench/workbench.desktop.main.js:253:144)
    at Ba.getBottomForLineNumber (vscode-file://vscode-app/opt/vscodium-bin/resources/app/out/vs/workbench/workbench.desktop.main.js:262:2182)
    at RI.findScrollWidgetState (vscode-file://vscode-app/opt/vscodium-bin/resources/app/out/vs/workbench/workbench.desktop.main.js:479:70468)
    at RI._updateState (vscode-file://vscode-app/opt/vscodium-bin/resources/app/out/vs/workbench/workbench.desktop.main.js:479:69489)
    at async RI._renderStickyScroll (vscode-file://vscode-app/opt/vscodium-bin/resources/app/out/vs/workbench/workbench.desktop.main.js:479:68461)
2024-11-19 10:33:03.350 [error] Illegal value for lineNumber: Error: Illegal value for lineNumber
    at kS.getLineMaxColumn (vscode-file://vscode-app/opt/vscodium-bin/resources/app/out/vs/workbench/workbench.desktop.main.js:253:144)
    at Ba.getBottomForLineNumber (vscode-file://vscode-app/opt/vscodium-bin/resources/app/out/vs/workbench/workbench.desktop.main.js:262:2182)
    at RI.findScrollWidgetState (vscode-file://vscode-app/opt/vscodium-bin/resources/app/out/vs/workbench/workbench.desktop.main.js:479:70468)
    at RI._updateState (vscode-file://vscode-app/opt/vscodium-bin/resources/app/out/vs/workbench/workbench.desktop.main.js:479:69489)
    at async RI._renderStickyScroll (vscode-file://vscode-app/opt/vscodium-bin/resources/app/out/vs/workbench/workbench.desktop.main.js:479:68461)
2024-11-19 10:33:05.210 [error] Illegal value for lineNumber: Error: Illegal value for lineNumber
    at kS.getLineMaxColumn (vscode-file://vscode-app/opt/vscodium-bin/resources/app/out/vs/workbench/workbench.desktop.main.js:253:144)
    at Ba.getBottomForLineNumber (vscode-file://vscode-app/opt/vscodium-bin/resources/app/out/vs/workbench/workbench.desktop.main.js:262:2182)
    at RI.findScrollWidgetState (vscode-file://vscode-app/opt/vscodium-bin/resources/app/out/vs/workbench/workbench.desktop.main.js:479:70468)
    at RI._updateState (vscode-file://vscode-app/opt/vscodium-bin/resources/app/out/vs/workbench/workbench.desktop.main.js:479:69489)
    at async RI._renderStickyScroll (vscode-file://vscode-app/opt/vscodium-bin/resources/app/out/vs/workbench/workbench.desktop.main.js:479:68461)
2024-11-19 10:33:08.757 [error] Illegal value for lineNumber: Error: Illegal value for lineNumber
    at kS.getLineMaxColumn (vscode-file://vscode-app/opt/vscodium-bin/resources/app/out/vs/workbench/workbench.desktop.main.js:253:144)
    at Ba.getBottomForLineNumber (vscode-file://vscode-app/opt/vscodium-bin/resources/app/out/vs/workbench/workbench.desktop.main.js:262:2182)
    at RI.findScrollWidgetState (vscode-file://vscode-app/opt/vscodium-bin/resources/app/out/vs/workbench/workbench.desktop.main.js:479:70468)
    at RI._updateState (vscode-file://vscode-app/opt/vscodium-bin/resources/app/out/vs/workbench/workbench.desktop.main.js:479:69489)
    at async RI._renderStickyScroll (vscode-file://vscode-app/opt/vscodium-bin/resources/app/out/vs/workbench/workbench.desktop.main.js:479:68461)
2024-11-19 10:33:09.807 [error] Illegal value for lineNumber: Error: Illegal value for lineNumber
    at kS.getLineMaxColumn (vscode-file://vscode-app/opt/vscodium-bin/resources/app/out/vs/workbench/workbench.desktop.main.js:253:144)
    at Ba.getBottomForLineNumber (vscode-file://vscode-app/opt/vscodium-bin/resources/app/out/vs/workbench/workbench.desktop.main.js:262:2182)
    at RI.findScrollWidgetState (vscode-file://vscode-app/opt/vscodium-bin/resources/app/out/vs/workbench/workbench.desktop.main.js:479:70468)
    at RI._updateState (vscode-file://vscode-app/opt/vscodium-bin/resources/app/out/vs/workbench/workbench.desktop.main.js:479:69489)
    at async RI._renderStickyScroll (vscode-file://vscode-app/opt/vscodium-bin/resources/app/out/vs/workbench/workbench.desktop.main.js:479:68461)
2024-11-19 10:33:10.866 [error] Illegal value for lineNumber: Error: Illegal value for lineNumber
    at kS.getLineMaxColumn (vscode-file://vscode-app/opt/vscodium-bin/resources/app/out/vs/workbench/workbench.desktop.main.js:253:144)
    at Ba.getBottomForLineNumber (vscode-file://vscode-app/opt/vscodium-bin/resources/app/out/vs/workbench/workbench.desktop.main.js:262:2182)
    at RI.findScrollWidgetState (vscode-file://vscode-app/opt/vscodium-bin/resources/app/out/vs/workbench/workbench.desktop.main.js:479:70468)
    at RI._updateState (vscode-file://vscode-app/opt/vscodium-bin/resources/app/out/vs/workbench/workbench.desktop.main.js:479:69489)
    at async RI._renderStickyScroll (vscode-file://vscode-app/opt/vscodium-bin/resources/app/out/vs/workbench/workbench.desktop.main.js:479:68461)
2024-11-19 10:33:17.491 [error] Illegal value for lineNumber: Error: Illegal value for lineNumber
    at kS.getLineMaxColumn (vscode-file://vscode-app/opt/vscodium-bin/resources/app/out/vs/workbench/workbench.desktop.main.js:253:144)
    at Ba.getBottomForLineNumber (vscode-file://vscode-app/opt/vscodium-bin/resources/app/out/vs/workbench/workbench.desktop.main.js:262:2182)
    at RI.findScrollWidgetState (vscode-file://vscode-app/opt/vscodium-bin/resources/app/out/vs/workbench/workbench.desktop.main.js:479:70468)
    at RI._updateState (vscode-file://vscode-app/opt/vscodium-bin/resources/app/out/vs/workbench/workbench.desktop.main.js:479:69489)
    at async RI._renderStickyScroll (vscode-file://vscode-app/opt/vscodium-bin/resources/app/out/vs/workbench/workbench.desktop.main.js:479:68461)
2024-11-19 10:33:21.049 [error] Illegal value for lineNumber: Error: Illegal value for lineNumber
    at kS.getLineMaxColumn (vscode-file://vscode-app/opt/vscodium-bin/resources/app/out/vs/workbench/workbench.desktop.main.js:253:144)
    at Ba.getBottomForLineNumber (vscode-file://vscode-app/opt/vscodium-bin/resources/app/out/vs/workbench/workbench.desktop.main.js:262:2182)
    at RI.findScrollWidgetState (vscode-file://vscode-app/opt/vscodium-bin/resources/app/out/vs/workbench/workbench.desktop.main.js:479:70468)
    at RI._updateState (vscode-file://vscode-app/opt/vscodium-bin/resources/app/out/vs/workbench/workbench.desktop.main.js:479:69489)
    at async RI._renderStickyScroll (vscode-file://vscode-app/opt/vscodium-bin/resources/app/out/vs/workbench/workbench.desktop.main.js:479:68461)
2024-11-19 10:33:23.173 [error] Illegal value for lineNumber: Error: Illegal value for lineNumber
    at kS.getLineMaxColumn (vscode-file://vscode-app/opt/vscodium-bin/resources/app/out/vs/workbench/workbench.desktop.main.js:253:144)
    at Ba.getBottomForLineNumber (vscode-file://vscode-app/opt/vscodium-bin/resources/app/out/vs/workbench/workbench.desktop.main.js:262:2182)
    at RI.findScrollWidgetState (vscode-file://vscode-app/opt/vscodium-bin/resources/app/out/vs/workbench/workbench.desktop.main.js:479:70468)
    at RI._updateState (vscode-file://vscode-app/opt/vscodium-bin/resources/app/out/vs/workbench/workbench.desktop.main.js:479:69489)
    at async RI._renderStickyScroll (vscode-file://vscode-app/opt/vscodium-bin/resources/app/out/vs/workbench/workbench.desktop.main.js:479:68461)
2024-11-19 10:33:24.218 [error] Illegal value for lineNumber: Error: Illegal value for lineNumber
    at kS.getLineMaxColumn (vscode-file://vscode-app/opt/vscodium-bin/resources/app/out/vs/workbench/workbench.desktop.main.js:253:144)
    at Ba.getBottomForLineNumber (vscode-file://vscode-app/opt/vscodium-bin/resources/app/out/vs/workbench/workbench.desktop.main.js:262:2182)
    at RI.findScrollWidgetState (vscode-file://vscode-app/opt/vscodium-bin/resources/app/out/vs/workbench/workbench.desktop.main.js:479:70468)
    at RI._updateState (vscode-file://vscode-app/opt/vscodium-bin/resources/app/out/vs/workbench/workbench.desktop.main.js:479:69489)
    at async RI._renderStickyScroll (vscode-file://vscode-app/opt/vscodium-bin/resources/app/out/vs/workbench/workbench.desktop.main.js:479:68461)
2024-11-19 10:33:26.958 [error] Illegal value for lineNumber: Error: Illegal value for lineNumber
    at kS.getLineMaxColumn (vscode-file://vscode-app/opt/vscodium-bin/resources/app/out/vs/workbench/workbench.desktop.main.js:253:144)
    at Ba.getBottomForLineNumber (vscode-file://vscode-app/opt/vscodium-bin/resources/app/out/vs/workbench/workbench.desktop.main.js:262:2182)
    at RI.findScrollWidgetState (vscode-file://vscode-app/opt/vscodium-bin/resources/app/out/vs/workbench/workbench.desktop.main.js:479:70468)
    at RI._updateState (vscode-file://vscode-app/opt/vscodium-bin/resources/app/out/vs/workbench/workbench.desktop.main.js:479:69489)
    at async RI._renderStickyScroll (vscode-file://vscode-app/opt/vscodium-bin/resources/app/out/vs/workbench/workbench.desktop.main.js:479:68461)
2024-11-19 10:33:30.615 [error] Illegal value for lineNumber: Error: Illegal value for lineNumber
    at kS.getLineMaxColumn (vscode-file://vscode-app/opt/vscodium-bin/resources/app/out/vs/workbench/workbench.desktop.main.js:253:144)
    at Ba.getBottomForLineNumber (vscode-file://vscode-app/opt/vscodium-bin/resources/app/out/vs/workbench/workbench.desktop.main.js:262:2182)
    at RI.findScrollWidgetState (vscode-file://vscode-app/opt/vscodium-bin/resources/app/out/vs/workbench/workbench.desktop.main.js:479:70468)
    at RI._updateState (vscode-file://vscode-app/opt/vscodium-bin/resources/app/out/vs/workbench/workbench.desktop.main.js:479:69489)
    at async RI._renderStickyScroll (vscode-file://vscode-app/opt/vscodium-bin/resources/app/out/vs/workbench/workbench.desktop.main.js:479:68461)
2024-11-19 10:33:31.620 [error] Illegal value for lineNumber: Error: Illegal value for lineNumber
    at kS.getLineMaxColumn (vscode-file://vscode-app/opt/vscodium-bin/resources/app/out/vs/workbench/workbench.desktop.main.js:253:144)
    at Ba.getBottomForLineNumber (vscode-file://vscode-app/opt/vscodium-bin/resources/app/out/vs/workbench/workbench.desktop.main.js:262:2182)
    at RI.findScrollWidgetState (vscode-file://vscode-app/opt/vscodium-bin/resources/app/out/vs/workbench/workbench.desktop.main.js:479:70468)
    at RI._updateState (vscode-file://vscode-app/opt/vscodium-bin/resources/app/out/vs/workbench/workbench.desktop.main.js:479:69489)
    at async RI._renderStickyScroll (vscode-file://vscode-app/opt/vscodium-bin/resources/app/out/vs/workbench/workbench.desktop.main.js:479:68461)
2024-11-19 10:33:40.792 [error] Illegal value for lineNumber: Error: Illegal value for lineNumber
    at kS.getLineMaxColumn (vscode-file://vscode-app/opt/vscodium-bin/resources/app/out/vs/workbench/workbench.desktop.main.js:253:144)
    at Ba.getBottomForLineNumber (vscode-file://vscode-app/opt/vscodium-bin/resources/app/out/vs/workbench/workbench.desktop.main.js:262:2182)
    at RI.findScrollWidgetState (vscode-file://vscode-app/opt/vscodium-bin/resources/app/out/vs/workbench/workbench.desktop.main.js:479:70468)
    at RI._updateState (vscode-file://vscode-app/opt/vscodium-bin/resources/app/out/vs/workbench/workbench.desktop.main.js:479:69489)
    at async RI._renderStickyScroll (vscode-file://vscode-app/opt/vscodium-bin/resources/app/out/vs/workbench/workbench.desktop.main.js:479:68461)
2024-11-19 10:33:50.414 [error] Illegal value for lineNumber: Error: Illegal value for lineNumber
    at kS.getLineMaxColumn (vscode-file://vscode-app/opt/vscodium-bin/resources/app/out/vs/workbench/workbench.desktop.main.js:253:144)
    at Ba.getBottomForLineNumber (vscode-file://vscode-app/opt/vscodium-bin/resources/app/out/vs/workbench/workbench.desktop.main.js:262:2182)
    at RI.findScrollWidgetState (vscode-file://vscode-app/opt/vscodium-bin/resources/app/out/vs/workbench/workbench.desktop.main.js:479:70468)
    at RI._updateState (vscode-file://vscode-app/opt/vscodium-bin/resources/app/out/vs/workbench/workbench.desktop.main.js:479:69489)
    at async RI._renderStickyScroll (vscode-file://vscode-app/opt/vscodium-bin/resources/app/out/vs/workbench/workbench.desktop.main.js:479:68461)
2024-11-19 10:35:33.902 [error] TreeError [SettingsTree] Tree element not found: [object Object]: Error: TreeError [SettingsTree] Tree element not found: [object Object]
    at ucs.getElementLocation (vscode-file://vscode-app/opt/vscodium-bin/resources/app/out/vs/workbench/workbench.desktop.main.js:416:10495)
    at ucs.rerender (vscode-file://vscode-app/opt/vscodium-bin/resources/app/out/vs/workbench/workbench.desktop.main.js:416:8594)
    at d9e.rerender (vscode-file://vscode-app/opt/vscodium-bin/resources/app/out/vs/workbench/workbench.desktop.main.js:416:18374)
    at gb.refreshSingleElement (vscode-file://vscode-app/opt/vscodium-bin/resources/app/out/vs/workbench/workbench.desktop.main.js:1334:67114)
    at gb.renderTree (vscode-file://vscode-app/opt/vscodium-bin/resources/app/out/vs/workbench/workbench.desktop.main.js:1334:66898)
    at vscode-file://vscode-app/opt/vscodium-bin/resources/app/out/vs/workbench/workbench.desktop.main.js:1334:65971
    at Set.forEach (<anonymous>)
    at gb.updateElementsByKey (vscode-file://vscode-app/opt/vscodium-bin/resources/app/out/vs/workbench/workbench.desktop.main.js:1334:65955)
    at gb.onConfigUpdate (vscode-file://vscode-app/opt/vscodium-bin/resources/app/out/vs/workbench/workbench.desktop.main.js:1334:62765)
    at vZ.value (vscode-file://vscode-app/opt/vscodium-bin/resources/app/out/vs/workbench/workbench.desktop.main.js:1334:43255)
2024-11-19 10:35:36.693 [error] Illegal value for lineNumber: Error: Illegal value for lineNumber
    at kS.getLineMaxColumn (vscode-file://vscode-app/opt/vscodium-bin/resources/app/out/vs/workbench/workbench.desktop.main.js:253:144)
    at Ba.getBottomForLineNumber (vscode-file://vscode-app/opt/vscodium-bin/resources/app/out/vs/workbench/workbench.desktop.main.js:262:2182)
    at RI.findScrollWidgetState (vscode-file://vscode-app/opt/vscodium-bin/resources/app/out/vs/workbench/workbench.desktop.main.js:479:70468)
    at RI._updateState (vscode-file://vscode-app/opt/vscodium-bin/resources/app/out/vs/workbench/workbench.desktop.main.js:479:69489)
    at async RI._renderStickyScroll (vscode-file://vscode-app/opt/vscodium-bin/resources/app/out/vs/workbench/workbench.desktop.main.js:479:68461)
2024-11-19 10:35:38.807 [error] Illegal value for lineNumber: Error: Illegal value for lineNumber
    at kS.getLineMaxColumn (vscode-file://vscode-app/opt/vscodium-bin/resources/app/out/vs/workbench/workbench.desktop.main.js:253:144)
    at Ba.getBottomForLineNumber (vscode-file://vscode-app/opt/vscodium-bin/resources/app/out/vs/workbench/workbench.desktop.main.js:262:2182)
    at RI.findScrollWidgetState (vscode-file://vscode-app/opt/vscodium-bin/resources/app/out/vs/workbench/workbench.desktop.main.js:479:70468)
    at RI._updateState (vscode-file://vscode-app/opt/vscodium-bin/resources/app/out/vs/workbench/workbench.desktop.main.js:479:69489)
    at async RI._renderStickyScroll (vscode-file://vscode-app/opt/vscodium-bin/resources/app/out/vs/workbench/workbench.desktop.main.js:479:68461)
2024-11-19 10:35:40.065 [error] Illegal value for lineNumber: Error: Illegal value for lineNumber
    at kS.getLineMaxColumn (vscode-file://vscode-app/opt/vscodium-bin/resources/app/out/vs/workbench/workbench.desktop.main.js:253:144)
    at Ba.getBottomForLineNumber (vscode-file://vscode-app/opt/vscodium-bin/resources/app/out/vs/workbench/workbench.desktop.main.js:262:2182)
    at RI.findScrollWidgetState (vscode-file://vscode-app/opt/vscodium-bin/resources/app/out/vs/workbench/workbench.desktop.main.js:479:70468)
    at RI._updateState (vscode-file://vscode-app/opt/vscodium-bin/resources/app/out/vs/workbench/workbench.desktop.main.js:479:69489)
    at async RI._renderStickyScroll (vscode-file://vscode-app/opt/vscodium-bin/resources/app/out/vs/workbench/workbench.desktop.main.js:479:68461)
2024-11-19 10:35:41.086 [error] Illegal value for lineNumber: Error: Illegal value for lineNumber
    at kS.getLineMaxColumn (vscode-file://vscode-app/opt/vscodium-bin/resources/app/out/vs/workbench/workbench.desktop.main.js:253:144)
    at Ba.getBottomForLineNumber (vscode-file://vscode-app/opt/vscodium-bin/resources/app/out/vs/workbench/workbench.desktop.main.js:262:2182)
    at RI.findScrollWidgetState (vscode-file://vscode-app/opt/vscodium-bin/resources/app/out/vs/workbench/workbench.desktop.main.js:479:70468)
    at RI._updateState (vscode-file://vscode-app/opt/vscodium-bin/resources/app/out/vs/workbench/workbench.desktop.main.js:479:69489)
    at async RI._renderStickyScroll (vscode-file://vscode-app/opt/vscodium-bin/resources/app/out/vs/workbench/workbench.desktop.main.js:479:68461)
2024-11-19 10:35:42.093 [error] Illegal value for lineNumber: Error: Illegal value for lineNumber
    at kS.getLineMaxColumn (vscode-file://vscode-app/opt/vscodium-bin/resources/app/out/vs/workbench/workbench.desktop.main.js:253:144)
    at Ba.getBottomForLineNumber (vscode-file://vscode-app/opt/vscodium-bin/resources/app/out/vs/workbench/workbench.desktop.main.js:262:2182)
    at RI.findScrollWidgetState (vscode-file://vscode-app/opt/vscodium-bin/resources/app/out/vs/workbench/workbench.desktop.main.js:479:70468)
    at RI._updateState (vscode-file://vscode-app/opt/vscodium-bin/resources/app/out/vs/workbench/workbench.desktop.main.js:479:69489)
    at async RI._renderStickyScroll (vscode-file://vscode-app/opt/vscodium-bin/resources/app/out/vs/workbench/workbench.desktop.main.js:479:68461)
2024-11-19 10:35:48.912 [error] Illegal value for lineNumber: Error: Illegal value for lineNumber
    at kS.getLineMaxColumn (vscode-file://vscode-app/opt/vscodium-bin/resources/app/out/vs/workbench/workbench.desktop.main.js:253:144)
    at Ba.getBottomForLineNumber (vscode-file://vscode-app/opt/vscodium-bin/resources/app/out/vs/workbench/workbench.desktop.main.js:262:2182)
    at RI.findScrollWidgetState (vscode-file://vscode-app/opt/vscodium-bin/resources/app/out/vs/workbench/workbench.desktop.main.js:479:70468)
    at RI._updateState (vscode-file://vscode-app/opt/vscodium-bin/resources/app/out/vs/workbench/workbench.desktop.main.js:479:69489)
    at async RI._renderStickyScroll (vscode-file://vscode-app/opt/vscodium-bin/resources/app/out/vs/workbench/workbench.desktop.main.js:479:68461)
2024-11-19 10:35:56.311 [error] Illegal value for lineNumber: Error: Illegal value for lineNumber
    at kS.getLineMaxColumn (vscode-file://vscode-app/opt/vscodium-bin/resources/app/out/vs/workbench/workbench.desktop.main.js:253:144)
    at Ba.getBottomForLineNumber (vscode-file://vscode-app/opt/vscodium-bin/resources/app/out/vs/workbench/workbench.desktop.main.js:262:2182)
    at RI.findScrollWidgetState (vscode-file://vscode-app/opt/vscodium-bin/resources/app/out/vs/workbench/workbench.desktop.main.js:479:70468)
    at RI._updateState (vscode-file://vscode-app/opt/vscodium-bin/resources/app/out/vs/workbench/workbench.desktop.main.js:479:69489)
    at async RI._renderStickyScroll (vscode-file://vscode-app/opt/vscodium-bin/resources/app/out/vs/workbench/workbench.desktop.main.js:479:68461)
2024-11-19 10:36:06.872 [error] Illegal value for lineNumber: Error: Illegal value for lineNumber
    at kS.getLineMaxColumn (vscode-file://vscode-app/opt/vscodium-bin/resources/app/out/vs/workbench/workbench.desktop.main.js:253:144)
    at Ba.getBottomForLineNumber (vscode-file://vscode-app/opt/vscodium-bin/resources/app/out/vs/workbench/workbench.desktop.main.js:262:2182)
    at RI.findScrollWidgetState (vscode-file://vscode-app/opt/vscodium-bin/resources/app/out/vs/workbench/workbench.desktop.main.js:479:70468)
    at RI._updateState (vscode-file://vscode-app/opt/vscodium-bin/resources/app/out/vs/workbench/workbench.desktop.main.js:479:69489)
    at async RI._renderStickyScroll (vscode-file://vscode-app/opt/vscodium-bin/resources/app/out/vs/workbench/workbench.desktop.main.js:479:68461)
2024-11-19 10:36:09.730 [error] Illegal value for lineNumber: Error: Illegal value for lineNumber
    at kS.getLineMaxColumn (vscode-file://vscode-app/opt/vscodium-bin/resources/app/out/vs/workbench/workbench.desktop.main.js:253:144)
    at Ba.getBottomForLineNumber (vscode-file://vscode-app/opt/vscodium-bin/resources/app/out/vs/workbench/workbench.desktop.main.js:262:2182)
    at RI.findScrollWidgetState (vscode-file://vscode-app/opt/vscodium-bin/resources/app/out/vs/workbench/workbench.desktop.main.js:479:70468)
    at RI._updateState (vscode-file://vscode-app/opt/vscodium-bin/resources/app/out/vs/workbench/workbench.desktop.main.js:479:69489)
    at async RI._renderStickyScroll (vscode-file://vscode-app/opt/vscodium-bin/resources/app/out/vs/workbench/workbench.desktop.main.js:479:68461)
2024-11-19 10:36:13.911 [error] Illegal value for lineNumber: Error: Illegal value for lineNumber
    at kS.getLineMaxColumn (vscode-file://vscode-app/opt/vscodium-bin/resources/app/out/vs/workbench/workbench.desktop.main.js:253:144)
    at Ba.getBottomForLineNumber (vscode-file://vscode-app/opt/vscodium-bin/resources/app/out/vs/workbench/workbench.desktop.main.js:262:2182)
    at RI.findScrollWidgetState (vscode-file://vscode-app/opt/vscodium-bin/resources/app/out/vs/workbench/workbench.desktop.main.js:479:70468)
    at RI._updateState (vscode-file://vscode-app/opt/vscodium-bin/resources/app/out/vs/workbench/workbench.desktop.main.js:479:69489)
    at async RI._renderStickyScroll (vscode-file://vscode-app/opt/vscodium-bin/resources/app/out/vs/workbench/workbench.desktop.main.js:479:68461)
2024-11-19 10:37:55.897 [error] ENOENT: no such file or directory, open '/home/marco/.config/VSCodium/User/globalStorage/vscodevim.vim/.registers': Error: ENOENT: no such file or directory, open '/home/marco/.config/VSCodium/User/globalStorage/vscodevim.vim/.registers'
2024-11-19 10:37:59.041 [error] Illegal value for lineNumber: Error: Illegal value for lineNumber
    at kS.getLineMaxColumn (vscode-file://vscode-app/opt/vscodium-bin/resources/app/out/vs/workbench/workbench.desktop.main.js:253:144)
    at Ba.getBottomForLineNumber (vscode-file://vscode-app/opt/vscodium-bin/resources/app/out/vs/workbench/workbench.desktop.main.js:262:2182)
    at RI.findScrollWidgetState (vscode-file://vscode-app/opt/vscodium-bin/resources/app/out/vs/workbench/workbench.desktop.main.js:479:70468)
    at RI._updateState (vscode-file://vscode-app/opt/vscodium-bin/resources/app/out/vs/workbench/workbench.desktop.main.js:479:69489)
    at async RI._renderStickyScroll (vscode-file://vscode-app/opt/vscodium-bin/resources/app/out/vs/workbench/workbench.desktop.main.js:479:68461)
2024-11-19 10:38:03.787 [error] Illegal value for lineNumber: Error: Illegal value for lineNumber
    at kS.getLineMaxColumn (vscode-file://vscode-app/opt/vscodium-bin/resources/app/out/vs/workbench/workbench.desktop.main.js:253:144)
    at Ba.getBottomForLineNumber (vscode-file://vscode-app/opt/vscodium-bin/resources/app/out/vs/workbench/workbench.desktop.main.js:262:2182)
    at RI.findScrollWidgetState (vscode-file://vscode-app/opt/vscodium-bin/resources/app/out/vs/workbench/workbench.desktop.main.js:479:70468)
    at RI._updateState (vscode-file://vscode-app/opt/vscodium-bin/resources/app/out/vs/workbench/workbench.desktop.main.js:479:69489)
    at async RI._renderStickyScroll (vscode-file://vscode-app/opt/vscodium-bin/resources/app/out/vs/workbench/workbench.desktop.main.js:479:68461)
2024-11-19 10:38:05.521 [error] Illegal value for lineNumber: Error: Illegal value for lineNumber
    at kS.getLineMaxColumn (vscode-file://vscode-app/opt/vscodium-bin/resources/app/out/vs/workbench/workbench.desktop.main.js:253:144)
    at Ba.getBottomForLineNumber (vscode-file://vscode-app/opt/vscodium-bin/resources/app/out/vs/workbench/workbench.desktop.main.js:262:2182)
    at RI.findScrollWidgetState (vscode-file://vscode-app/opt/vscodium-bin/resources/app/out/vs/workbench/workbench.desktop.main.js:479:70468)
    at RI._updateState (vscode-file://vscode-app/opt/vscodium-bin/resources/app/out/vs/workbench/workbench.desktop.main.js:479:69489)
    at async RI._renderStickyScroll (vscode-file://vscode-app/opt/vscodium-bin/resources/app/out/vs/workbench/workbench.desktop.main.js:479:68461)
2024-11-19 10:38:14.746 [error] Illegal value for lineNumber: Error: Illegal value for lineNumber
    at kS.getLineMaxColumn (vscode-file://vscode-app/opt/vscodium-bin/resources/app/out/vs/workbench/workbench.desktop.main.js:253:144)
    at Ba.getBottomForLineNumber (vscode-file://vscode-app/opt/vscodium-bin/resources/app/out/vs/workbench/workbench.desktop.main.js:262:2182)
    at RI.findScrollWidgetState (vscode-file://vscode-app/opt/vscodium-bin/resources/app/out/vs/workbench/workbench.desktop.main.js:479:70468)
    at RI._updateState (vscode-file://vscode-app/opt/vscodium-bin/resources/app/out/vs/workbench/workbench.desktop.main.js:479:69489)
    at async RI._renderStickyScroll (vscode-file://vscode-app/opt/vscodium-bin/resources/app/out/vs/workbench/workbench.desktop.main.js:479:68461)
2024-11-19 10:38:20.147 [error] Illegal value for lineNumber: Error: Illegal value for lineNumber
    at kS.getLineMaxColumn (vscode-file://vscode-app/opt/vscodium-bin/resources/app/out/vs/workbench/workbench.desktop.main.js:253:144)
    at Ba.getBottomForLineNumber (vscode-file://vscode-app/opt/vscodium-bin/resources/app/out/vs/workbench/workbench.desktop.main.js:262:2182)
    at RI.findScrollWidgetState (vscode-file://vscode-app/opt/vscodium-bin/resources/app/out/vs/workbench/workbench.desktop.main.js:479:70468)
    at RI._updateState (vscode-file://vscode-app/opt/vscodium-bin/resources/app/out/vs/workbench/workbench.desktop.main.js:479:69489)
    at async RI._renderStickyScroll (vscode-file://vscode-app/opt/vscodium-bin/resources/app/out/vs/workbench/workbench.desktop.main.js:479:68461)
2024-11-19 10:38:21.408 [error] Illegal value for lineNumber: Error: Illegal value for lineNumber
    at kS.getLineMaxColumn (vscode-file://vscode-app/opt/vscodium-bin/resources/app/out/vs/workbench/workbench.desktop.main.js:253:144)
    at Ba.getBottomForLineNumber (vscode-file://vscode-app/opt/vscodium-bin/resources/app/out/vs/workbench/workbench.desktop.main.js:262:2182)
    at RI.findScrollWidgetState (vscode-file://vscode-app/opt/vscodium-bin/resources/app/out/vs/workbench/workbench.desktop.main.js:479:70468)
    at RI._updateState (vscode-file://vscode-app/opt/vscodium-bin/resources/app/out/vs/workbench/workbench.desktop.main.js:479:69489)
    at async RI._renderStickyScroll (vscode-file://vscode-app/opt/vscodium-bin/resources/app/out/vs/workbench/workbench.desktop.main.js:479:68461)
2024-11-19 10:40:25.284 [error] Illegal value for lineNumber: Error: Illegal value for lineNumber
    at kS.getLineMaxColumn (vscode-file://vscode-app/opt/vscodium-bin/resources/app/out/vs/workbench/workbench.desktop.main.js:253:144)
    at Ba.getBottomForLineNumber (vscode-file://vscode-app/opt/vscodium-bin/resources/app/out/vs/workbench/workbench.desktop.main.js:262:2182)
    at RI.findScrollWidgetState (vscode-file://vscode-app/opt/vscodium-bin/resources/app/out/vs/workbench/workbench.desktop.main.js:479:70468)
    at RI._updateState (vscode-file://vscode-app/opt/vscodium-bin/resources/app/out/vs/workbench/workbench.desktop.main.js:479:69489)
    at async RI._renderStickyScroll (vscode-file://vscode-app/opt/vscodium-bin/resources/app/out/vs/workbench/workbench.desktop.main.js:479:68461)
2024-11-19 10:40:31.153 [error] Illegal value for lineNumber: Error: Illegal value for lineNumber
    at kS.getLineMaxColumn (vscode-file://vscode-app/opt/vscodium-bin/resources/app/out/vs/workbench/workbench.desktop.main.js:253:144)
    at Ba.getBottomForLineNumber (vscode-file://vscode-app/opt/vscodium-bin/resources/app/out/vs/workbench/workbench.desktop.main.js:262:2182)
    at RI.findScrollWidgetState (vscode-file://vscode-app/opt/vscodium-bin/resources/app/out/vs/workbench/workbench.desktop.main.js:479:70468)
    at RI._updateState (vscode-file://vscode-app/opt/vscodium-bin/resources/app/out/vs/workbench/workbench.desktop.main.js:479:69489)
    at async RI._renderStickyScroll (vscode-file://vscode-app/opt/vscodium-bin/resources/app/out/vs/workbench/workbench.desktop.main.js:479:68461)
2024-11-19 10:40:34.923 [error] Illegal value for lineNumber: Error: Illegal value for lineNumber
    at kS.getLineMaxColumn (vscode-file://vscode-app/opt/vscodium-bin/resources/app/out/vs/workbench/workbench.desktop.main.js:253:144)
    at Ba.getBottomForLineNumber (vscode-file://vscode-app/opt/vscodium-bin/resources/app/out/vs/workbench/workbench.desktop.main.js:262:2182)
    at RI.findScrollWidgetState (vscode-file://vscode-app/opt/vscodium-bin/resources/app/out/vs/workbench/workbench.desktop.main.js:479:70468)
    at RI._updateState (vscode-file://vscode-app/opt/vscodium-bin/resources/app/out/vs/workbench/workbench.desktop.main.js:479:69489)
    at async RI._renderStickyScroll (vscode-file://vscode-app/opt/vscodium-bin/resources/app/out/vs/workbench/workbench.desktop.main.js:479:68461)
2024-11-19 10:40:45.344 [error] Illegal value for lineNumber: Error: Illegal value for lineNumber
    at kS.getLineMaxColumn (vscode-file://vscode-app/opt/vscodium-bin/resources/app/out/vs/workbench/workbench.desktop.main.js:253:144)
    at Ba.getBottomForLineNumber (vscode-file://vscode-app/opt/vscodium-bin/resources/app/out/vs/workbench/workbench.desktop.main.js:262:2182)
    at RI.findScrollWidgetState (vscode-file://vscode-app/opt/vscodium-bin/resources/app/out/vs/workbench/workbench.desktop.main.js:479:70468)
    at RI._updateState (vscode-file://vscode-app/opt/vscodium-bin/resources/app/out/vs/workbench/workbench.desktop.main.js:479:69489)
    at async RI._renderStickyScroll (vscode-file://vscode-app/opt/vscodium-bin/resources/app/out/vs/workbench/workbench.desktop.main.js:479:68461)
2024-11-19 10:40:48.595 [error] Illegal value for lineNumber: Error: Illegal value for lineNumber
    at kS.getLineMaxColumn (vscode-file://vscode-app/opt/vscodium-bin/resources/app/out/vs/workbench/workbench.desktop.main.js:253:144)
    at Ba.getBottomForLineNumber (vscode-file://vscode-app/opt/vscodium-bin/resources/app/out/vs/workbench/workbench.desktop.main.js:262:2182)
    at RI.findScrollWidgetState (vscode-file://vscode-app/opt/vscodium-bin/resources/app/out/vs/workbench/workbench.desktop.main.js:479:70468)
    at RI._updateState (vscode-file://vscode-app/opt/vscodium-bin/resources/app/out/vs/workbench/workbench.desktop.main.js:479:69489)
    at async RI._renderStickyScroll (vscode-file://vscode-app/opt/vscodium-bin/resources/app/out/vs/workbench/workbench.desktop.main.js:479:68461)
2024-11-19 10:40:50.054 [error] Illegal value for lineNumber: Error: Illegal value for lineNumber
    at kS.getLineMaxColumn (vscode-file://vscode-app/opt/vscodium-bin/resources/app/out/vs/workbench/workbench.desktop.main.js:253:144)
    at Ba.getBottomForLineNumber (vscode-file://vscode-app/opt/vscodium-bin/resources/app/out/vs/workbench/workbench.desktop.main.js:262:2182)
    at RI.findScrollWidgetState (vscode-file://vscode-app/opt/vscodium-bin/resources/app/out/vs/workbench/workbench.desktop.main.js:479:70468)
    at RI._updateState (vscode-file://vscode-app/opt/vscodium-bin/resources/app/out/vs/workbench/workbench.desktop.main.js:479:69489)
    at async RI._renderStickyScroll (vscode-file://vscode-app/opt/vscodium-bin/resources/app/out/vs/workbench/workbench.desktop.main.js:479:68461)
2024-11-19 10:40:52.122 [error] Illegal value for lineNumber: Error: Illegal value for lineNumber
    at kS.getLineMaxColumn (vscode-file://vscode-app/opt/vscodium-bin/resources/app/out/vs/workbench/workbench.desktop.main.js:253:144)
    at Ba.getBottomForLineNumber (vscode-file://vscode-app/opt/vscodium-bin/resources/app/out/vs/workbench/workbench.desktop.main.js:262:2182)
    at RI.findScrollWidgetState (vscode-file://vscode-app/opt/vscodium-bin/resources/app/out/vs/workbench/workbench.desktop.main.js:479:70468)
    at RI._updateState (vscode-file://vscode-app/opt/vscodium-bin/resources/app/out/vs/workbench/workbench.desktop.main.js:479:69489)
    at async RI._renderStickyScroll (vscode-file://vscode-app/opt/vscodium-bin/resources/app/out/vs/workbench/workbench.desktop.main.js:479:68461)
2024-11-19 10:41:07.692 [error] TreeError [DebugRepl] Tree input not set: Error: TreeError [DebugRepl] Tree input not set
    at Qu._updateChildren (vscode-file://vscode-app/opt/vscodium-bin/resources/app/out/vs/workbench/workbench.desktop.main.js:416:35821)
    at Qu.updateChildren (vscode-file://vscode-app/opt/vscodium-bin/resources/app/out/vs/workbench/workbench.desktop.main.js:416:35694)
    at vZ.value (vscode-file://vscode-app/opt/vscodium-bin/resources/app/out/vs/workbench/workbench.desktop.main.js:2054:42036)
    at E._deliver (vscode-file://vscode-app/opt/vscodium-bin/resources/app/out/vs/workbench/workbench.desktop.main.js:30:923)
    at E._deliverQueue (vscode-file://vscode-app/opt/vscodium-bin/resources/app/out/vs/workbench/workbench.desktop.main.js:30:1014)
    at E.fire (vscode-file://vscode-app/opt/vscodium-bin/resources/app/out/vs/workbench/workbench.desktop.main.js:30:1350)
    at Fme.setVisible (vscode-file://vscode-app/opt/vscodium-bin/resources/app/out/vs/workbench/workbench.desktop.main.js:532:3802)
    at vscode-file://vscode-app/opt/vscodium-bin/resources/app/out/vs/workbench/workbench.desktop.main.js:648:15291
    at Array.map (<anonymous>)
    at sd.setVisible (vscode-file://vscode-app/opt/vscodium-bin/resources/app/out/vs/workbench/workbench.desktop.main.js:648:15282)
2024-11-19 10:41:10.523 [error] Illegal value for lineNumber: Error: Illegal value for lineNumber
    at kS.getLineMaxColumn (vscode-file://vscode-app/opt/vscodium-bin/resources/app/out/vs/workbench/workbench.desktop.main.js:253:144)
    at Ba.getBottomForLineNumber (vscode-file://vscode-app/opt/vscodium-bin/resources/app/out/vs/workbench/workbench.desktop.main.js:262:2182)
    at RI.findScrollWidgetState (vscode-file://vscode-app/opt/vscodium-bin/resources/app/out/vs/workbench/workbench.desktop.main.js:479:70468)
    at RI._updateState (vscode-file://vscode-app/opt/vscodium-bin/resources/app/out/vs/workbench/workbench.desktop.main.js:479:69489)
    at async RI._renderStickyScroll (vscode-file://vscode-app/opt/vscodium-bin/resources/app/out/vs/workbench/workbench.desktop.main.js:479:68461)
2024-11-19 10:41:14.876 [error] Illegal value for lineNumber: Error: Illegal value for lineNumber
    at kS.getLineMaxColumn (vscode-file://vscode-app/opt/vscodium-bin/resources/app/out/vs/workbench/workbench.desktop.main.js:253:144)
    at Ba.getBottomForLineNumber (vscode-file://vscode-app/opt/vscodium-bin/resources/app/out/vs/workbench/workbench.desktop.main.js:262:2182)
    at RI.findScrollWidgetState (vscode-file://vscode-app/opt/vscodium-bin/resources/app/out/vs/workbench/workbench.desktop.main.js:479:70468)
    at RI._updateState (vscode-file://vscode-app/opt/vscodium-bin/resources/app/out/vs/workbench/workbench.desktop.main.js:479:69489)
    at async RI._renderStickyScroll (vscode-file://vscode-app/opt/vscodium-bin/resources/app/out/vs/workbench/workbench.desktop.main.js:479:68461)
2024-11-19 10:41:18.158 [error] Illegal value for lineNumber: Error: Illegal value for lineNumber
    at kS.getLineMaxColumn (vscode-file://vscode-app/opt/vscodium-bin/resources/app/out/vs/workbench/workbench.desktop.main.js:253:144)
    at Ba.getBottomForLineNumber (vscode-file://vscode-app/opt/vscodium-bin/resources/app/out/vs/workbench/workbench.desktop.main.js:262:2182)
    at RI.findScrollWidgetState (vscode-file://vscode-app/opt/vscodium-bin/resources/app/out/vs/workbench/workbench.desktop.main.js:479:70468)
    at RI._updateState (vscode-file://vscode-app/opt/vscodium-bin/resources/app/out/vs/workbench/workbench.desktop.main.js:479:69489)
    at async RI._renderStickyScroll (vscode-file://vscode-app/opt/vscodium-bin/resources/app/out/vs/workbench/workbench.desktop.main.js:479:68461)
2024-11-19 10:41:20.058 [error] Illegal value for lineNumber: Error: Illegal value for lineNumber
    at kS.getLineMaxColumn (vscode-file://vscode-app/opt/vscodium-bin/resources/app/out/vs/workbench/workbench.desktop.main.js:253:144)
    at Ba.getBottomForLineNumber (vscode-file://vscode-app/opt/vscodium-bin/resources/app/out/vs/workbench/workbench.desktop.main.js:262:2182)
    at RI.findScrollWidgetState (vscode-file://vscode-app/opt/vscodium-bin/resources/app/out/vs/workbench/workbench.desktop.main.js:479:70468)
    at RI._updateState (vscode-file://vscode-app/opt/vscodium-bin/resources/app/out/vs/workbench/workbench.desktop.main.js:479:69489)
    at async RI._renderStickyScroll (vscode-file://vscode-app/opt/vscodium-bin/resources/app/out/vs/workbench/workbench.desktop.main.js:479:68461)
2024-11-19 10:41:24.882 [error] Illegal value for lineNumber: Error: Illegal value for lineNumber
    at kS.getLineMaxColumn (vscode-file://vscode-app/opt/vscodium-bin/resources/app/out/vs/workbench/workbench.desktop.main.js:253:144)
    at Ba.getBottomForLineNumber (vscode-file://vscode-app/opt/vscodium-bin/resources/app/out/vs/workbench/workbench.desktop.main.js:262:2182)
    at RI.findScrollWidgetState (vscode-file://vscode-app/opt/vscodium-bin/resources/app/out/vs/workbench/workbench.desktop.main.js:479:70468)
    at RI._updateState (vscode-file://vscode-app/opt/vscodium-bin/resources/app/out/vs/workbench/workbench.desktop.main.js:479:69489)
    at async RI._renderStickyScroll (vscode-file://vscode-app/opt/vscodium-bin/resources/app/out/vs/workbench/workbench.desktop.main.js:479:68461)
2024-11-19 10:41:26.620 [error] Illegal value for lineNumber: Error: Illegal value for lineNumber
    at kS.getLineMaxColumn (vscode-file://vscode-app/opt/vscodium-bin/resources/app/out/vs/workbench/workbench.desktop.main.js:253:144)
    at Ba.getBottomForLineNumber (vscode-file://vscode-app/opt/vscodium-bin/resources/app/out/vs/workbench/workbench.desktop.main.js:262:2182)
    at RI.findScrollWidgetState (vscode-file://vscode-app/opt/vscodium-bin/resources/app/out/vs/workbench/workbench.desktop.main.js:479:70468)
    at RI._updateState (vscode-file://vscode-app/opt/vscodium-bin/resources/app/out/vs/workbench/workbench.desktop.main.js:479:69489)
    at async RI._renderStickyScroll (vscode-file://vscode-app/opt/vscodium-bin/resources/app/out/vs/workbench/workbench.desktop.main.js:479:68461)
2024-11-19 10:41:46.754 [error] Illegal value for lineNumber: Error: Illegal value for lineNumber
    at kS.getLineMaxColumn (vscode-file://vscode-app/opt/vscodium-bin/resources/app/out/vs/workbench/workbench.desktop.main.js:253:144)
    at Ba.getBottomForLineNumber (vscode-file://vscode-app/opt/vscodium-bin/resources/app/out/vs/workbench/workbench.desktop.main.js:262:2182)
    at RI.findScrollWidgetState (vscode-file://vscode-app/opt/vscodium-bin/resources/app/out/vs/workbench/workbench.desktop.main.js:479:70468)
    at RI._updateState (vscode-file://vscode-app/opt/vscodium-bin/resources/app/out/vs/workbench/workbench.desktop.main.js:479:69489)
    at async RI._renderStickyScroll (vscode-file://vscode-app/opt/vscodium-bin/resources/app/out/vs/workbench/workbench.desktop.main.js:479:68461)
2024-11-19 10:41:47.865 [error] Illegal value for lineNumber: Error: Illegal value for lineNumber
    at kS.getLineMaxColumn (vscode-file://vscode-app/opt/vscodium-bin/resources/app/out/vs/workbench/workbench.desktop.main.js:253:144)
    at Ba.getBottomForLineNumber (vscode-file://vscode-app/opt/vscodium-bin/resources/app/out/vs/workbench/workbench.desktop.main.js:262:2182)
    at RI.findScrollWidgetState (vscode-file://vscode-app/opt/vscodium-bin/resources/app/out/vs/workbench/workbench.desktop.main.js:479:70468)
    at RI._updateState (vscode-file://vscode-app/opt/vscodium-bin/resources/app/out/vs/workbench/workbench.desktop.main.js:479:69489)
    at async RI._renderStickyScroll (vscode-file://vscode-app/opt/vscodium-bin/resources/app/out/vs/workbench/workbench.desktop.main.js:479:68461)
