2024-11-19 10:27:18.400 [info] Added views:outline in workbench.view.explorer
2024-11-19 10:27:18.400 [info] Added views:workbench.view.search in workbench.view.search
2024-11-19 10:27:18.400 [info] Added views:workbench.scm in workbench.view.scm
2024-11-19 10:27:18.400 [info] Added views:workbench.panel.markers.view in workbench.panel.markers
2024-11-19 10:27:18.400 [info] Added views:workbench.panel.output in workbench.panel.output
2024-11-19 10:27:18.400 [info] Added views:terminal in terminal
2024-11-19 10:27:18.400 [info] Added views:timeline in workbench.view.explorer
2024-11-19 10:27:18.400 [info] Added views:workbench.explorer.fileView in workbench.view.explorer
2024-11-19 10:27:18.549 [info] Added views:workbench.debug.welcome in workbench.view.debug
2024-11-19 10:27:19.287 [info] Added views:workbench.panel.repl.view in workbench.panel.repl
2024-11-19 10:27:19.857 [info] Added views:latex-workshop-commands,latex-workshop-structure,latex-workshop-snippet-view in workbench.view.extension.latex-workshop-activitybar
2024-11-19 10:27:20.452 [info] Added views:~remote.forwardedPorts in ~remote.forwardedPortsContainer
2024-11-19 10:29:28.305 [info] Added views:workbench.views.extensions.installed,workbench.views.extensions.popular,extensions.recommendedList in workbench.view.extensions
2024-11-19 10:29:28.310 [info] Removed views:workbench.views.extensions.popular from workbench.view.extensions
2024-11-19 10:29:30.988 [info] Removed views:extensions.recommendedList,workbench.views.extensions.installed from workbench.view.extensions
2024-11-19 10:29:31.000 [info] Added views:workbench.views.extensions.marketplace in workbench.view.extensions
2024-11-19 10:32:18.058 [info] Removed views:workbench.panel.repl.view from workbench.panel.repl
2024-11-19 10:32:18.548 [info] Added views:workbench.panel.repl.view in workbench.panel.repl
2024-11-19 10:37:31.044 [info] Removed views:workbench.views.extensions.marketplace from workbench.view.extensions
2024-11-19 10:37:31.077 [info] Added views:workbench.views.extensions.installed,extensions.recommendedList in workbench.view.extensions
2024-11-19 10:37:32.186 [info] Removed views:extensions.recommendedList,workbench.views.extensions.installed from workbench.view.extensions
2024-11-19 10:37:32.201 [info] Added views:workbench.views.extensions.marketplace in workbench.view.extensions
2024-11-19 10:37:37.634 [info] Removed views:workbench.views.extensions.marketplace from workbench.view.extensions
2024-11-19 10:37:37.647 [info] Added views:workbench.views.extensions.installed,extensions.recommendedList in workbench.view.extensions
2024-11-19 10:37:41.783 [info] Removed views:extensions.recommendedList,workbench.views.extensions.installed from workbench.view.extensions
2024-11-19 10:37:41.844 [info] Added views:workbench.views.extensions.marketplace in workbench.view.extensions
