ReadyRc files read:
  NONE
Latexmk: This is Latexmk, John Collins, 31 Jan. 2024. Version 4.83.
Latexmk: applying rule 'pdflatex'...
Rule 'pdflatex':  Reasons for rerun
Changed files or newly in use/created:
  /var/lib/texmf/fonts/map/pdftex/updmap/pdftex.map
  /var/lib/texmf/web2c/pdftex/pdflatex.fmt
  ex1.aux
Category 'changed_user':
  /var/lib/texmf/fonts/map/pdftex/updmap/pdftex.map
  /var/lib/texmf/web2c/pdftex/pdflatex.fmt

------------
Run number 1 of rule 'pdflatex'
------------
------------
Running 'pdflatex  -synctex=1 -interaction=nonstopmode -file-line-error -recorder  "/home/marco/mojufer/eth/Cybersicherheitspolitik/ex1/ex1.tex"'
------------
This is pdfTeX, Version 3.141592653-2.6-1.40.26 (TeX Live 2024/Arch Linux) (preloaded format=pdflatex)
 restricted \write18 enabled.
entering extended mode
(/home/marco/mojufer/eth/Cybersicherheitspolitik/ex1/ex1.tex
LaTeX2e <2023-11-01> patch level 1
L3 programming layer <2024-02-20>
(/usr/share/texmf-dist/tex/latex/base/article.cls
Document Class: article 2023/05/17 v1.4n Standard LaTeX document class
(/usr/share/texmf-dist/tex/latex/base/size10.clo)) (/usr/share/texmf-dist/tex/latex/base/inputenc.sty) (/usr/share/texmf-dist/tex/generic/babel/babel.sty (/usr/share/texmf-dist/tex/generic/babel/txtbabel.def) (/usr/share/texmf-dist/tex/generic/babel-german/german.ldf (/usr/share/texmf-dist/tex/generic/babel-german/germanb.ldf))) (/usr/share/texmf-dist/tex/generic/babel/locale/de/babel-german.tex) (/usr/share/texmf-dist/tex/latex/base/fontenc.sty) (/usr/share/texmf-dist/tex/latex/amsmath/amsmath.sty
For additional information on amsmath, use the `?' option.
(/usr/share/texmf-dist/tex/latex/amsmath/amstext.sty (/usr/share/texmf-dist/tex/latex/amsmath/amsgen.sty)) (/usr/share/texmf-dist/tex/latex/amsmath/amsbsy.sty) (/usr/share/texmf-dist/tex/latex/amsmath/amsopn.sty)) (/usr/share/texmf-dist/tex/latex/amsfonts/amsfonts.sty) (/usr/share/texmf-dist/tex/latex/amsfonts/amssymb.sty) (/usr/share/texmf-dist/tex/latex/csquotes/csquotes.sty (/usr/share/texmf-dist/tex/latex/etoolbox/etoolbox.sty) (/usr/share/texmf-dist/tex/latex/graphics/keyval.sty) (/usr/share/texmf-dist/tex/latex/csquotes/csquotes.def) (/usr/share/texmf-dist/tex/latex/csquotes/csquotes.cfg)) (/usr/share/texmf-dist/tex/latex/l3backend/l3backend-pdftex.def) (./ex1.aux) (/usr/share/texmf-dist/tex/latex/amsfonts/umsa.fd) (/usr/share/texmf-dist/tex/latex/amsfonts/umsb.fd)
Underfull \hbox (badness 10000) in paragraph at lines 19--20


Underfull \hbox (badness 10000) in paragraph at lines 21--22

[1{/var/lib/texmf/fonts/map/pdftex/updmap/pdftex.map}{/usr/share/texmf-dist/fonts/enc/dvips/cm-super/cm-super-t1.enc}] (./ex1.aux) )
(see the transcript file for additional information)</usr/share/texmf-dist/fonts/type1/public/cm-super/sfbx1440.pfb></usr/share/texmf-dist/fonts/type1/public/cm-super/sfrm1000.pfb></usr/share/texmf-dist/fonts/type1/public/cm-super/sfrm1200.pfb></usr/share/texmf-dist/fonts/type1/public/cm-super/sfrm1728.pfb>
Output written on ex1.pdf (1 page, 64676 bytes).
SyncTeX written on ex1.synctex.gz.
Transcript written on ex1.log.
Latexmk: Getting log file 'ex1.log'
Latexmk: Examining 'ex1.fls'
Latexmk: Examining 'ex1.log'
Latexmk: Log file says output to 'ex1.pdf'
Latexmk: All targets (ex1.pdf) are up-to-date

