2024-11-19 08:57:32.404 [info] Started local extension host with pid 492483.
2024-11-19 08:57:35.583 [info] [perf] Render performance baseline is 105ms
2024-11-19 08:57:40.388 [error] [network] #1: https://marketplace.visualstudio.com/_apis/public/gallery/extensionquery - error POST Canceled
2024-11-19 08:58:39.050 [info] Started local extension host with pid 493197.
2024-11-19 08:58:42.139 [info] [perf] Render performance baseline is 102ms
2024-11-19 08:58:53.883 [error] Illegal value for lineNumber: Error: Illegal value for lineNumber
    at kS.getLineMaxColumn (vscode-file://vscode-app/opt/vscodium-bin/resources/app/out/vs/workbench/workbench.desktop.main.js:253:144)
    at Ba.getBottomForLineNumber (vscode-file://vscode-app/opt/vscodium-bin/resources/app/out/vs/workbench/workbench.desktop.main.js:262:2182)
    at RI.findScrollWidgetState (vscode-file://vscode-app/opt/vscodium-bin/resources/app/out/vs/workbench/workbench.desktop.main.js:479:70468)
    at RI._updateState (vscode-file://vscode-app/opt/vscodium-bin/resources/app/out/vs/workbench/workbench.desktop.main.js:479:69489)
    at async RI._renderStickyScroll (vscode-file://vscode-app/opt/vscodium-bin/resources/app/out/vs/workbench/workbench.desktop.main.js:479:68461)
2024-11-19 08:59:04.581 [error] Illegal value for lineNumber: Error: Illegal value for lineNumber
    at kS.getLineMaxColumn (vscode-file://vscode-app/opt/vscodium-bin/resources/app/out/vs/workbench/workbench.desktop.main.js:253:144)
    at Ba.getBottomForLineNumber (vscode-file://vscode-app/opt/vscodium-bin/resources/app/out/vs/workbench/workbench.desktop.main.js:262:2182)
    at RI.findScrollWidgetState (vscode-file://vscode-app/opt/vscodium-bin/resources/app/out/vs/workbench/workbench.desktop.main.js:479:70468)
    at RI._updateState (vscode-file://vscode-app/opt/vscodium-bin/resources/app/out/vs/workbench/workbench.desktop.main.js:479:69489)
    at async RI._renderStickyScroll (vscode-file://vscode-app/opt/vscodium-bin/resources/app/out/vs/workbench/workbench.desktop.main.js:479:68461)
2024-11-19 08:59:09.565 [error] Illegal value for lineNumber: Error: Illegal value for lineNumber
    at kS.getLineMaxColumn (vscode-file://vscode-app/opt/vscodium-bin/resources/app/out/vs/workbench/workbench.desktop.main.js:253:144)
    at Ba.getBottomForLineNumber (vscode-file://vscode-app/opt/vscodium-bin/resources/app/out/vs/workbench/workbench.desktop.main.js:262:2182)
    at RI.findScrollWidgetState (vscode-file://vscode-app/opt/vscodium-bin/resources/app/out/vs/workbench/workbench.desktop.main.js:479:70468)
    at RI._updateState (vscode-file://vscode-app/opt/vscodium-bin/resources/app/out/vs/workbench/workbench.desktop.main.js:479:69489)
    at async RI._renderStickyScroll (vscode-file://vscode-app/opt/vscodium-bin/resources/app/out/vs/workbench/workbench.desktop.main.js:479:68461)
2024-11-19 08:59:10.659 [error] Illegal value for lineNumber: Error: Illegal value for lineNumber
    at kS.getLineMaxColumn (vscode-file://vscode-app/opt/vscodium-bin/resources/app/out/vs/workbench/workbench.desktop.main.js:253:144)
    at Ba.getBottomForLineNumber (vscode-file://vscode-app/opt/vscodium-bin/resources/app/out/vs/workbench/workbench.desktop.main.js:262:2182)
    at RI.findScrollWidgetState (vscode-file://vscode-app/opt/vscodium-bin/resources/app/out/vs/workbench/workbench.desktop.main.js:479:70468)
    at RI._updateState (vscode-file://vscode-app/opt/vscodium-bin/resources/app/out/vs/workbench/workbench.desktop.main.js:479:69489)
    at async RI._renderStickyScroll (vscode-file://vscode-app/opt/vscodium-bin/resources/app/out/vs/workbench/workbench.desktop.main.js:479:68461)
2024-11-19 08:59:13.024 [error] Illegal value for lineNumber: Error: Illegal value for lineNumber
    at kS.getLineMaxColumn (vscode-file://vscode-app/opt/vscodium-bin/resources/app/out/vs/workbench/workbench.desktop.main.js:253:144)
    at Ba.getBottomForLineNumber (vscode-file://vscode-app/opt/vscodium-bin/resources/app/out/vs/workbench/workbench.desktop.main.js:262:2182)
    at RI.findScrollWidgetState (vscode-file://vscode-app/opt/vscodium-bin/resources/app/out/vs/workbench/workbench.desktop.main.js:479:70468)
    at RI._updateState (vscode-file://vscode-app/opt/vscodium-bin/resources/app/out/vs/workbench/workbench.desktop.main.js:479:69489)
    at async RI._renderStickyScroll (vscode-file://vscode-app/opt/vscodium-bin/resources/app/out/vs/workbench/workbench.desktop.main.js:479:68461)
2024-11-19 08:59:16.346 [error] Illegal value for lineNumber: Error: Illegal value for lineNumber
    at kS.getLineMaxColumn (vscode-file://vscode-app/opt/vscodium-bin/resources/app/out/vs/workbench/workbench.desktop.main.js:253:144)
    at Ba.getBottomForLineNumber (vscode-file://vscode-app/opt/vscodium-bin/resources/app/out/vs/workbench/workbench.desktop.main.js:262:2182)
    at RI.findScrollWidgetState (vscode-file://vscode-app/opt/vscodium-bin/resources/app/out/vs/workbench/workbench.desktop.main.js:479:70468)
    at RI._updateState (vscode-file://vscode-app/opt/vscodium-bin/resources/app/out/vs/workbench/workbench.desktop.main.js:479:69489)
    at async RI._renderStickyScroll (vscode-file://vscode-app/opt/vscodium-bin/resources/app/out/vs/workbench/workbench.desktop.main.js:479:68461)
2024-11-19 08:59:18.882 [error] Illegal value for lineNumber: Error: Illegal value for lineNumber
    at kS.getLineMaxColumn (vscode-file://vscode-app/opt/vscodium-bin/resources/app/out/vs/workbench/workbench.desktop.main.js:253:144)
    at Ba.getBottomForLineNumber (vscode-file://vscode-app/opt/vscodium-bin/resources/app/out/vs/workbench/workbench.desktop.main.js:262:2182)
    at RI.findScrollWidgetState (vscode-file://vscode-app/opt/vscodium-bin/resources/app/out/vs/workbench/workbench.desktop.main.js:479:70468)
    at RI._updateState (vscode-file://vscode-app/opt/vscodium-bin/resources/app/out/vs/workbench/workbench.desktop.main.js:479:69489)
    at async RI._renderStickyScroll (vscode-file://vscode-app/opt/vscodium-bin/resources/app/out/vs/workbench/workbench.desktop.main.js:479:68461)
2024-11-19 08:59:28.195 [error] TreeError [DebugRepl] Tree input not set: Error: TreeError [DebugRepl] Tree input not set
    at Qu._updateChildren (vscode-file://vscode-app/opt/vscodium-bin/resources/app/out/vs/workbench/workbench.desktop.main.js:416:35821)
    at Qu.updateChildren (vscode-file://vscode-app/opt/vscodium-bin/resources/app/out/vs/workbench/workbench.desktop.main.js:416:35694)
    at vZ.value (vscode-file://vscode-app/opt/vscodium-bin/resources/app/out/vs/workbench/workbench.desktop.main.js:2054:42036)
    at E._deliver (vscode-file://vscode-app/opt/vscodium-bin/resources/app/out/vs/workbench/workbench.desktop.main.js:30:923)
    at E._deliverQueue (vscode-file://vscode-app/opt/vscodium-bin/resources/app/out/vs/workbench/workbench.desktop.main.js:30:1014)
    at E.fire (vscode-file://vscode-app/opt/vscodium-bin/resources/app/out/vs/workbench/workbench.desktop.main.js:30:1350)
    at Fme.setVisible (vscode-file://vscode-app/opt/vscodium-bin/resources/app/out/vs/workbench/workbench.desktop.main.js:532:3802)
    at vscode-file://vscode-app/opt/vscodium-bin/resources/app/out/vs/workbench/workbench.desktop.main.js:648:15291
    at Array.map (<anonymous>)
    at sd.setVisible (vscode-file://vscode-app/opt/vscodium-bin/resources/app/out/vs/workbench/workbench.desktop.main.js:648:15282)
2024-11-19 09:01:26.180 [error] Illegal value for lineNumber: Error: Illegal value for lineNumber
    at kS.getLineMaxColumn (vscode-file://vscode-app/opt/vscodium-bin/resources/app/out/vs/workbench/workbench.desktop.main.js:253:144)
    at Ba.getBottomForLineNumber (vscode-file://vscode-app/opt/vscodium-bin/resources/app/out/vs/workbench/workbench.desktop.main.js:262:2182)
    at RI.findScrollWidgetState (vscode-file://vscode-app/opt/vscodium-bin/resources/app/out/vs/workbench/workbench.desktop.main.js:479:70468)
    at RI._updateState (vscode-file://vscode-app/opt/vscodium-bin/resources/app/out/vs/workbench/workbench.desktop.main.js:479:69489)
    at async RI._renderStickyScroll (vscode-file://vscode-app/opt/vscodium-bin/resources/app/out/vs/workbench/workbench.desktop.main.js:479:68461)
2024-11-19 09:01:48.785 [error] Illegal value for lineNumber: Error: Illegal value for lineNumber
    at kS.getLineMaxColumn (vscode-file://vscode-app/opt/vscodium-bin/resources/app/out/vs/workbench/workbench.desktop.main.js:253:144)
    at Ba.getBottomForLineNumber (vscode-file://vscode-app/opt/vscodium-bin/resources/app/out/vs/workbench/workbench.desktop.main.js:262:2182)
    at RI.findScrollWidgetState (vscode-file://vscode-app/opt/vscodium-bin/resources/app/out/vs/workbench/workbench.desktop.main.js:479:70468)
    at RI._updateState (vscode-file://vscode-app/opt/vscodium-bin/resources/app/out/vs/workbench/workbench.desktop.main.js:479:69489)
    at async RI._renderStickyScroll (vscode-file://vscode-app/opt/vscodium-bin/resources/app/out/vs/workbench/workbench.desktop.main.js:479:68461)
