2024-11-19 08:57:32.172 [info] Added views:outline in workbench.view.explorer
2024-11-19 08:57:32.172 [info] Added views:workbench.view.search in workbench.view.search
2024-11-19 08:57:32.172 [info] Added views:workbench.scm in workbench.view.scm
2024-11-19 08:57:32.172 [info] Added views:workbench.panel.markers.view in workbench.panel.markers
2024-11-19 08:57:32.172 [info] Added views:workbench.panel.output in workbench.panel.output
2024-11-19 08:57:32.172 [info] Added views:terminal in terminal
2024-11-19 08:57:32.172 [info] Added views:timeline in workbench.view.explorer
2024-11-19 08:57:32.172 [info] Added views:workbench.explorer.emptyView in workbench.view.explorer
2024-11-19 08:57:32.398 [info] Added views:workbench.debug.welcome in workbench.view.debug
2024-11-19 08:57:33.416 [info] Added views:workbench.panel.repl.view in workbench.panel.repl
2024-11-19 08:57:34.120 [info] Added views:~remote.forwardedPorts in ~remote.forwardedPortsContainer
2024-11-19 08:57:35.755 [info] Added views:workbench.views.extensions.installed,workbench.views.extensions.popular,extensions.recommendedList in workbench.view.extensions
2024-11-19 08:57:35.762 [info] Removed views:workbench.views.extensions.popular from workbench.view.extensions
2024-11-19 08:57:35.986 [info] Added views:workbench.views.extensions.popular in workbench.view.extensions
2024-11-19 08:57:40.357 [info] Removed views:extensions.recommendedList,workbench.views.extensions.popular,workbench.views.extensions.installed from workbench.view.extensions
2024-11-19 08:57:40.384 [info] Added views:workbench.views.extensions.marketplace in workbench.view.extensions
2024-11-19 08:58:38.968 [info] Added views:outline in workbench.view.explorer
2024-11-19 08:58:38.968 [info] Added views:workbench.view.search in workbench.view.search
2024-11-19 08:58:38.968 [info] Added views:workbench.scm in workbench.view.scm
2024-11-19 08:58:38.968 [info] Added views:workbench.panel.markers.view in workbench.panel.markers
2024-11-19 08:58:38.968 [info] Added views:workbench.panel.output in workbench.panel.output
2024-11-19 08:58:38.968 [info] Added views:terminal in terminal
2024-11-19 08:58:38.968 [info] Added views:timeline in workbench.view.explorer
2024-11-19 08:58:38.968 [info] Added views:workbench.explorer.fileView in workbench.view.explorer
2024-11-19 08:58:39.967 [info] Added views:workbench.debug.variablesView,workbench.debug.watchExpressionsView,workbench.debug.callStackView,workbench.debug.breakPointsView in workbench.view.debug
2024-11-19 08:58:40.211 [info] Added views:~remote.forwardedPorts in ~remote.forwardedPortsContainer
2024-11-19 08:58:40.285 [info] Added views:workbench.panel.repl.view in workbench.panel.repl
2024-11-19 08:58:40.288 [info] Removed views:workbench.debug.breakPointsView,workbench.debug.callStackView,workbench.debug.watchExpressionsView,workbench.debug.variablesView from workbench.view.debug
2024-11-19 08:58:40.289 [info] Added views:workbench.debug.welcome in workbench.view.debug
2024-11-19 08:58:53.391 [info] Added views:latex-workshop-commands,latex-workshop-structure,latex-workshop-snippet-view in workbench.view.extension.latex-workshop-activitybar
