2024-11-19 10:27:19.192 [info] Extension host with pid 36512 started
2024-11-19 10:27:19.192 [info] Skipping acquiring lock for /home/marco/.config/VSCodium/User/workspaceStorage/c15e2d9d7fec85c75231649a2c6a73a1.
2024-11-19 10:27:19.282 [info] ExtensionService#_doActivateExtension vscode.emmet, startup: false, activationEvent: 'onLanguage'
2024-11-19 10:27:19.309 [info] ExtensionService#_doActivateExtension James-Yu.latex-workshop, startup: false, activationEvent: 'onLanguage:latex'
2024-11-19 10:27:19.515 [warning] DiagnosticCollection with name 'BibTeX' does already exist.
2024-11-19 10:27:19.783 [warning] DiagnosticCollection with name 'BibTeX' does already exist.
2024-11-19 10:27:19.954 [info] ExtensionService#_doActivateExtension vscode.git-base, startup: true, activationEvent: '*', root cause: vscode.git
2024-11-19 10:27:20.006 [info] ExtensionService#_doActivateExtension vscode.git, startup: true, activationEvent: '*'
2024-11-19 10:27:20.258 [info] ExtensionService#_doActivateExtension vscode.github, startup: true, activationEvent: '*'
2024-11-19 10:27:20.358 [info] Eager extensions activated
2024-11-19 10:27:20.391 [info] ExtensionService#_doActivateExtension vscode.debug-auto-launch, startup: false, activationEvent: 'onStartupFinished'
2024-11-19 10:27:20.396 [info] ExtensionService#_doActivateExtension vscode.merge-conflict, startup: false, activationEvent: 'onStartupFinished'
2024-11-19 10:29:37.605 [info] ExtensionService#_doActivateExtension esbenp.prettier-vscode, startup: false, activationEvent: 'onStartupFinished'
2024-11-19 10:32:05.569 [info] ExtensionService#_doActivateExtension vscode.configuration-editing, startup: false, activationEvent: 'onLanguage:jsonc'
2024-11-19 10:32:05.592 [info] ExtensionService#_doActivateExtension vscode.json-language-features, startup: false, activationEvent: 'onLanguage:jsonc'
2024-11-19 10:32:05.729 [info] ExtensionService#_doActivateExtension vscode.typescript-language-features, startup: false, activationEvent: 'onLanguage:jsonc'
2024-11-19 10:32:17.325 [info] Extension host terminating: renderer closed the MessagePort
2024-11-19 10:32:17.348 [info] Extension host with pid 36512 exiting with code 0
2024-11-19 10:32:18.521 [info] Extension host with pid 39436 started
2024-11-19 10:32:18.521 [info] Skipping acquiring lock for /home/marco/.config/VSCodium/User/workspaceStorage/c15e2d9d7fec85c75231649a2c6a73a1.
2024-11-19 10:32:18.544 [info] ExtensionService#_doActivateExtension vscode.emmet, startup: false, activationEvent: 'onLanguage'
2024-11-19 10:32:18.585 [info] ExtensionService#_doActivateExtension James-Yu.latex-workshop, startup: false, activationEvent: 'onLanguage:latex'
2024-11-19 10:32:18.885 [warning] DiagnosticCollection with name 'BibTeX' does already exist.
2024-11-19 10:32:19.134 [warning] DiagnosticCollection with name 'BibTeX' does already exist.
2024-11-19 10:32:19.162 [info] ExtensionService#_doActivateExtension vscode.configuration-editing, startup: false, activationEvent: 'onLanguage:jsonc'
2024-11-19 10:32:19.194 [info] ExtensionService#_doActivateExtension vscode.json-language-features, startup: false, activationEvent: 'onLanguage:jsonc'
2024-11-19 10:32:19.323 [info] ExtensionService#_doActivateExtension vscode.typescript-language-features, startup: false, activationEvent: 'onLanguage:jsonc'
2024-11-19 10:32:19.677 [info] ExtensionService#_doActivateExtension vscode.git-base, startup: true, activationEvent: '*', root cause: vscode.git
2024-11-19 10:32:19.742 [info] ExtensionService#_doActivateExtension vscode.git, startup: true, activationEvent: '*'
2024-11-19 10:32:19.881 [info] ExtensionService#_doActivateExtension vscode.github, startup: true, activationEvent: '*'
2024-11-19 10:32:20.041 [info] Eager extensions activated
2024-11-19 10:32:20.060 [info] ExtensionService#_doActivateExtension vscode.debug-auto-launch, startup: false, activationEvent: 'onStartupFinished'
2024-11-19 10:32:20.062 [info] ExtensionService#_doActivateExtension vscode.merge-conflict, startup: false, activationEvent: 'onStartupFinished'
2024-11-19 10:37:54.604 [info] ExtensionService#_doActivateExtension vscodevim.vim, startup: false, activationEvent: 'onStartupFinished'
2024-11-19 10:37:55.896 [error] Error: ENOENT: no such file or directory, open '/home/marco/.config/VSCodium/User/globalStorage/vscodevim.vim/.registers'
2024-11-19 10:40:59.365 [warning] ExtHostTextEditorOptions 'setCursorStyle' failed:'
2024-11-19 10:40:59.366 [warning] Illegal argument: TextEditor(vs.editor.ICodeEditor:2,$model8)
2024-11-19 10:42:10.690 [info] Extension host terminating: renderer closed the MessagePort
2024-11-19 10:42:10.723 [error] TypeError: r.some is not a function
	at d.saveToDisk (/home/marco/.vscode-oss/extensions/vscodevim.vim-1.28.1/out/extension.js:2:646151)
	at t.deactivate (/home/marco/.vscode-oss/extensions/vscodevim.vim-1.28.1/out/extension.js:2:176792)
	at VB._deactivate (file:///opt/vscodium-bin/resources/app/out/vs/workbench/api/node/extensionHostProcess.js:118:14502)
	at file:///opt/vscodium-bin/resources/app/out/vs/workbench/api/node/extensionHostProcess.js:118:12013
	at Array.map (<anonymous>)
	at VB._deactivateAll (file:///opt/vscodium-bin/resources/app/out/vs/workbench/api/node/extensionHostProcess.js:118:12001)
	at VB.terminate (file:///opt/vscodium-bin/resources/app/out/vs/workbench/api/node/extensionHostProcess.js:118:12354)
	at bT.terminate (file:///opt/vscodium-bin/resources/app/out/vs/workbench/api/node/extensionHostProcess.js:119:1592)
	at Ki (file:///opt/vscodium-bin/resources/app/out/vs/workbench/api/node/extensionHostProcess.js:174:16286)
	at MessagePortMain.<anonymous> (file:///opt/vscodium-bin/resources/app/out/vs/workbench/api/node/extensionHostProcess.js:174:12742)
	at MessagePortMain.emit (node:events:519:28)
	at MessagePortMain._internalPort.emit (node:electron/js2c/utility_init:2:2949)
2024-11-19 10:42:10.727 [info] Extension host with pid 39436 exiting with code 0
